Using pre-set license
Built from '2021.2/staging' branch; Version is '2021.2.7f1 (6bd9e232123f) revision 7068130'; Using compiler version '192829333'; Build Type 'Release'
OS: 'Windows 10  (10.0.19043) 64bit Core' Language: 'en' Physical Memory: 16325 MB
BatchMode: 1, IsHumanControllingUs: 0, StartBugReporterOnCrash: 0, Is64bit: 1, IsPro: 0

COMMAND LINE ARGUMENTS:
D:\Programs\2021.2.7f1\Editor\Unity.exe
-adb2
-batchMode
-noUpm
-name
AssetImportWorker0
-projectPath
D:/UCL/Design/MidTerm/Unity/ConCreate_Aggregator
-logFile
Logs/AssetImportWorker0.log
-srvPort
58396
Successfully changed project path to: D:/UCL/Design/MidTerm/Unity/ConCreate_Aggregator
D:/UCL/Design/MidTerm/Unity/ConCreate_Aggregator
[UnityMemory] Configuration Parameters - Can be set up in boot.config
    "memorysetup-bucket-allocator-granularity=16"
    "memorysetup-bucket-allocator-bucket-count=8"
    "memorysetup-bucket-allocator-block-size=33554432"
    "memorysetup-bucket-allocator-block-count=8"
    "memorysetup-main-allocator-block-size=16777216"
    "memorysetup-thread-allocator-block-size=16777216"
    "memorysetup-gfx-main-allocator-block-size=16777216"
    "memorysetup-gfx-thread-allocator-block-size=16777216"
    "memorysetup-cache-allocator-block-size=4194304"
    "memorysetup-typetree-allocator-block-size=2097152"
    "memorysetup-profiler-bucket-allocator-granularity=16"
    "memorysetup-profiler-bucket-allocator-bucket-count=8"
    "memorysetup-profiler-bucket-allocator-block-size=33554432"
    "memorysetup-profiler-bucket-allocator-block-count=8"
    "memorysetup-profiler-allocator-block-size=16777216"
    "memorysetup-profiler-editor-allocator-block-size=1048576"
    "memorysetup-temp-allocator-size-main=16777216"
    "memorysetup-job-temp-allocator-block-size=2097152"
    "memorysetup-job-temp-allocator-block-size-background=1048576"
    "memorysetup-job-temp-allocator-reduction-small-platforms=262144"
    "memorysetup-temp-allocator-size-background-worker=32768"
    "memorysetup-temp-allocator-size-job-worker=262144"
    "memorysetup-temp-allocator-size-preload-manager=33554432"
    "memorysetup-temp-allocator-size-nav-mesh-worker=65536"
    "memorysetup-temp-allocator-size-audio-worker=65536"
    "memorysetup-temp-allocator-size-cloud-worker=32768"
    "memorysetup-temp-allocator-size-gi-baking-worker=262144"
    "memorysetup-temp-allocator-size-gfx=262144"
Refreshing native plugins compatible for Editor in 87.27 ms, found 3 plugins.
Preloading 0 native plugins for Editor in 0.00 ms.
Initialize engine version: 2021.2.7f1 (6bd9e232123f)
[Subsystems] Discovering subsystems at path D:/Programs/2021.2.7f1/Editor/Data/Resources/UnitySubsystems
[Subsystems] Discovering subsystems at path D:/UCL/Design/MidTerm/Unity/ConCreate_Aggregator/Assets
GfxDevice: creating device client; threaded=0; jobified=0
Direct3D:
    Version:  Direct3D 11.0 [level 11.1]
    Renderer: NVIDIA GeForce GTX 1060 (ID=0x1c20)
    Vendor:   NVIDIA
    VRAM:     6052 MB
    Driver:   30.0.15.1123
Initialize mono
Mono path[0] = 'D:/Programs/2021.2.7f1/Editor/Data/Managed'
Mono path[1] = 'D:/Programs/2021.2.7f1/Editor/Data/MonoBleedingEdge/lib/mono/unityjit-win32'
Mono config path = 'D:/Programs/2021.2.7f1/Editor/Data/MonoBleedingEdge/etc'
Using monoOptions --debugger-agent=transport=dt_socket,embedding=1,server=y,suspend=n,address=127.0.0.1:56192
Begin MonoManager ReloadAssembly
Registering precompiled unity dll's ...
Register platform support module: D:/Programs/2021.2.7f1/Editor/Data/PlaybackEngines/WindowsStandaloneSupport/UnityEditor.WindowsStandalone.Extensions.dll
Registered in 0.003874 seconds.
Native extension for WindowsStandalone target not found
Refreshing native plugins compatible for Editor in 89.89 ms, found 3 plugins.
Preloading 0 native plugins for Editor in 0.00 ms.
Mono: successfully reloaded assembly
- Completed reload, in  0.741 seconds
Domain Reload Profiling:
	ReloadAssembly (742ms)
		BeginReloadAssembly (85ms)
			ExecutionOrderSort (0ms)
			DisableScriptedObjects (0ms)
			BackupInstance (0ms)
			ReleaseScriptingObjects (0ms)
			CreateAndSetChildDomain (1ms)
		EndReloadAssembly (570ms)
			LoadAssemblies (84ms)
			RebuildTransferFunctionScriptingTraits (0ms)
			SetupTypeCache (130ms)
			ReleaseScriptCaches (0ms)
			RebuildScriptCaches (35ms)
			SetupLoadedEditorAssemblies (344ms)
				LogAssemblyErrors (0ms)
				InitializePlatformSupportModulesInManaged (17ms)
				SetLoadedEditorAssemblies (0ms)
				RefreshPlugins (90ms)
				BeforeProcessingInitializeOnLoad (2ms)
				ProcessInitializeOnLoadAttributes (180ms)
				ProcessInitializeOnLoadMethodAttributes (55ms)
				AfterProcessingInitializeOnLoad (0ms)
				EditorAssembliesLoaded (0ms)
			ExecutionOrderSort2 (0ms)
			AwakeInstancesAfterBackupRestoration (0ms)
Platform modules already initialized, skipping
Registering precompiled user dll's ...
Registered in 0.005627 seconds.
Begin MonoManager ReloadAssembly
Symbol file LoadedFromMemory doesn't match image D:\UCL\Design\MidTerm\Unity\ConCreate_Aggregator\Library\PackageCache\com.unity.visualscripting@1.7.6\Editor\VisualScripting.Core\Dependencies\YamlDotNet\Unity.VisualScripting.YamlDotNet.dll
Symbol file LoadedFromMemory doesn't match image D:\UCL\Design\MidTerm\Unity\ConCreate_Aggregator\Library\PackageCache\com.unity.visualscripting@1.7.6\Editor\VisualScripting.Core\Dependencies\DotNetZip\Unity.VisualScripting.IonicZip.dll
Native extension for WindowsStandalone target not found
Refreshing native plugins compatible for Editor in 0.53 ms, found 3 plugins.
Preloading 0 native plugins for Editor in 0.00 ms.
Mono: successfully reloaded assembly
- Completed reload, in  1.219 seconds
Domain Reload Profiling:
	ReloadAssembly (1220ms)
		BeginReloadAssembly (125ms)
			ExecutionOrderSort (0ms)
			DisableScriptedObjects (8ms)
			BackupInstance (0ms)
			ReleaseScriptingObjects (0ms)
			CreateAndSetChildDomain (25ms)
		EndReloadAssembly (985ms)
			LoadAssemblies (82ms)
			RebuildTransferFunctionScriptingTraits (0ms)
			SetupTypeCache (351ms)
			ReleaseScriptCaches (1ms)
			RebuildScriptCaches (73ms)
			SetupLoadedEditorAssemblies (426ms)
				LogAssemblyErrors (0ms)
				InitializePlatformSupportModulesInManaged (13ms)
				SetLoadedEditorAssemblies (1ms)
				RefreshPlugins (1ms)
				BeforeProcessingInitializeOnLoad (85ms)
				ProcessInitializeOnLoadAttributes (298ms)
				ProcessInitializeOnLoadMethodAttributes (26ms)
				AfterProcessingInitializeOnLoad (3ms)
				EditorAssembliesLoaded (0ms)
			ExecutionOrderSort2 (0ms)
			AwakeInstancesAfterBackupRestoration (7ms)
Platform modules already initialized, skipping
========================================================================
Worker process is ready to serve import requests
Launched and connected shader compiler UnityShaderCompiler.exe after 0.09 seconds
Refreshing native plugins compatible for Editor in 0.55 ms, found 3 plugins.
Preloading 0 native plugins for Editor in 0.00 ms.
Unloading 3223 Unused Serialized files (Serialized files now loaded: 0)
Unloading 24 unused Assets / (55.6 KB). Loaded Objects now: 3681.
Memory consumption went from 112.1 MB to 112.0 MB.
Total: 4.542000 ms (FindLiveObjects: 0.275000 ms CreateObjectMapping: 0.219700 ms MarkObjects: 3.944800 ms  DeleteObjects: 0.101000 ms)

AssetImportParameters requested are different than current active one (requested -> active):
  custom:video-decoder-ogg-theora: a1e56fd34408186e4bbccfd4996cb3dc -> 
  custom:container-muxer-webm: aa71ff27fc2769a1b78a27578f13a17b -> 
  custom:container-demuxer-webm: 4f35f7cbe854078d1ac9338744f61a02 -> 
  custom:video-encoder-webm-vp8: eb34c28f22e8b96e1ab97ce403110664 -> 
  custom:audio-encoder-webm-vorbis: bf7c407c2cedff20999df2af8eb42d56 -> 
  custom:framework-win-MediaFoundation: 216162199b28c13a410421893ffa2e32 -> 
  custom:container-demuxer-ogg: 62fdf1f143b41e24485cea50d1cbac27 -> 
  custom:video-decoder-webm-vp8: 9c59270c3fd7afecdb556c50c9e8de78 -> 
  custom:audio-decoder-ogg-vorbis: bf7c407c2cedff20999df2af8eb42d56 -> 
========================================================================
Received Import Request.
  Time since last request: 271165.845355 seconds.
  path: Assets/Resources/Prefabs/ConnectionNormal.prefab
  artifactKey: Guid(7dda22360b9be8a4085927d32b7e0395) Importer(815301076,1909f56bfc062723c751e8b465ee728b)
Start importing Assets/Resources/Prefabs/ConnectionNormal.prefab using Guid(7dda22360b9be8a4085927d32b7e0395) Importer(815301076,1909f56bfc062723c751e8b465ee728b)  -> (artifact id: '8f2b6a2577f2989ef42974ccbbd7bd48') in 0.381550 seconds 
========================================================================
Received Import Request.
  Time since last request: 0.000036 seconds.
  path: Assets/Resources/Prefabs/Connection.obj
  artifactKey: Guid(5fb487dc643af544ea8f20d692dc90f4) Importer(815301076,1909f56bfc062723c751e8b465ee728b)
Start importing Assets/Resources/Prefabs/Connection.obj using Guid(5fb487dc643af544ea8f20d692dc90f4) Importer(815301076,1909f56bfc062723c751e8b465ee728b)  -> (artifact id: 'a55a8a292dfd568d94e7d841cc85f9f4') in 0.355508 seconds 
========================================================================
Received Import Request.
  Time since last request: 606.881418 seconds.
  path: Assets/Resources/Meshes/02.obj
  artifactKey: Guid(af397d71b40b4c44cb009c3d31cfdf67) Importer(815301076,1909f56bfc062723c751e8b465ee728b)
Start importing Assets/Resources/Meshes/02.obj using Guid(af397d71b40b4c44cb009c3d31cfdf67) Importer(815301076,1909f56bfc062723c751e8b465ee728b)  -> (artifact id: '7fe48b0ab08224754d4b898ac8b907e8') in 0.041963 seconds 
========================================================================
Received Import Request.
  Time since last request: 0.000028 seconds.
  path: Assets/Resources/Meshes/04.obj
  artifactKey: Guid(eb9c9dad2d0f277448cd0a6a29d28ccc) Importer(815301076,1909f56bfc062723c751e8b465ee728b)
Start importing Assets/Resources/Meshes/04.obj using Guid(eb9c9dad2d0f277448cd0a6a29d28ccc) Importer(815301076,1909f56bfc062723c751e8b465ee728b)  -> (artifact id: 'ee6426669572f01085d585dde4ece803') in 0.030817 seconds 
========================================================================
Received Import Request.
  Time since last request: 0.000020 seconds.
  path: Assets/Resources/Meshes/06.obj
  artifactKey: Guid(baf3a22753b32c44fa057e03200be324) Importer(815301076,1909f56bfc062723c751e8b465ee728b)
Start importing Assets/Resources/Meshes/06.obj using Guid(baf3a22753b32c44fa057e03200be324) Importer(815301076,1909f56bfc062723c751e8b465ee728b)  -> (artifact id: '3992eca0e5476e27a730756be7633ea5') in 0.030756 seconds 
========================================================================
Received Import Request.
  Time since last request: 0.000023 seconds.
  path: Assets/Resources/Meshes/07.obj
  artifactKey: Guid(fcad6810023f4934db82e4f728a974ce) Importer(815301076,1909f56bfc062723c751e8b465ee728b)
Start importing Assets/Resources/Meshes/07.obj using Guid(fcad6810023f4934db82e4f728a974ce) Importer(815301076,1909f56bfc062723c751e8b465ee728b)  -> (artifact id: 'bba6524dda603100928b0be4a216b888') in 0.026531 seconds 
========================================================================
Received Import Request.
  Time since last request: 0.000026 seconds.
  path: Assets/Resources/Meshes/08.obj
  artifactKey: Guid(44587eb45c66bfc42b4b8aa4903036ab) Importer(815301076,1909f56bfc062723c751e8b465ee728b)
Start importing Assets/Resources/Meshes/08.obj using Guid(44587eb45c66bfc42b4b8aa4903036ab) Importer(815301076,1909f56bfc062723c751e8b465ee728b)  -> (artifact id: '5f2698a798ef2facd3369dd9aa494ebb') in 0.028067 seconds 
========================================================================
Received Import Request.
  Time since last request: 0.000027 seconds.
  path: Assets/Resources/Meshes/03.obj
  artifactKey: Guid(0efcac7816af5104c80ba6ee728b7ac7) Importer(815301076,1909f56bfc062723c751e8b465ee728b)
Start importing Assets/Resources/Meshes/03.obj using Guid(0efcac7816af5104c80ba6ee728b7ac7) Importer(815301076,1909f56bfc062723c751e8b465ee728b)  -> (artifact id: '9c0cde4b858dc0671f81ce60c6821a0d') in 0.029777 seconds 
========================================================================
Received Import Request.
  Time since last request: 0.000021 seconds.
  path: Assets/Resources/Meshes/05.obj
  artifactKey: Guid(3aadc3012bd0431468ddc628300e2cce) Importer(815301076,1909f56bfc062723c751e8b465ee728b)
Start importing Assets/Resources/Meshes/05.obj using Guid(3aadc3012bd0431468ddc628300e2cce) Importer(815301076,1909f56bfc062723c751e8b465ee728b)  -> (artifact id: '39672b046decfb05afea044d89961a54') in 0.029522 seconds 
========================================================================
Received Import Request.
  Time since last request: 17.645366 seconds.
  path: Assets/Resources/Meshes/02.obj
  artifactKey: Guid(af397d71b40b4c44cb009c3d31cfdf67) Importer(815301076,1909f56bfc062723c751e8b465ee728b)
Start importing Assets/Resources/Meshes/02.obj using Guid(af397d71b40b4c44cb009c3d31cfdf67) Importer(815301076,1909f56bfc062723c751e8b465ee728b)  -> (artifact id: '245fb53fa98631806e79720c5b42557d') in 0.031820 seconds 
========================================================================
Received Import Request.
  Time since last request: 0.000026 seconds.
  path: Assets/Resources/Meshes/04.obj
  artifactKey: Guid(eb9c9dad2d0f277448cd0a6a29d28ccc) Importer(815301076,1909f56bfc062723c751e8b465ee728b)
Start importing Assets/Resources/Meshes/04.obj using Guid(eb9c9dad2d0f277448cd0a6a29d28ccc) Importer(815301076,1909f56bfc062723c751e8b465ee728b)  -> (artifact id: '9c9c10d0211c78a1ca156d38a87792a6') in 0.030508 seconds 
========================================================================
Received Import Request.
  Time since last request: 0.000022 seconds.
  path: Assets/Resources/Meshes/08.obj
  artifactKey: Guid(44587eb45c66bfc42b4b8aa4903036ab) Importer(815301076,1909f56bfc062723c751e8b465ee728b)
Start importing Assets/Resources/Meshes/08.obj using Guid(44587eb45c66bfc42b4b8aa4903036ab) Importer(815301076,1909f56bfc062723c751e8b465ee728b)  -> (artifact id: 'da5448706c57acc7fe97b44d0b38cf8a') in 0.028067 seconds 
========================================================================
Received Import Request.
  Time since last request: 0.000028 seconds.
  path: Assets/Resources/Meshes/05.obj
  artifactKey: Guid(3aadc3012bd0431468ddc628300e2cce) Importer(815301076,1909f56bfc062723c751e8b465ee728b)
Start importing Assets/Resources/Meshes/05.obj using Guid(3aadc3012bd0431468ddc628300e2cce) Importer(815301076,1909f56bfc062723c751e8b465ee728b)  -> (artifact id: '3023e9847e420dde68403145ebd61689') in 0.032722 seconds 
========================================================================
Received Import Request.
  Time since last request: 9.593755 seconds.
  path: Assets/Resources/Meshes/01.obj
  artifactKey: Guid(43fe3714cf96e6c41b1fb66f34ccfa4b) Importer(815301076,1909f56bfc062723c751e8b465ee728b)
Start importing Assets/Resources/Meshes/01.obj using Guid(43fe3714cf96e6c41b1fb66f34ccfa4b) Importer(815301076,1909f56bfc062723c751e8b465ee728b)  -> (artifact id: '7d3a232402e038c8fecf32a56c09c42c') in 0.035354 seconds 
========================================================================
Received Import Request.
  Time since last request: 0.000029 seconds.
  path: Assets/Resources/Meshes/06.obj
  artifactKey: Guid(baf3a22753b32c44fa057e03200be324) Importer(815301076,1909f56bfc062723c751e8b465ee728b)
Start importing Assets/Resources/Meshes/06.obj using Guid(baf3a22753b32c44fa057e03200be324) Importer(815301076,1909f56bfc062723c751e8b465ee728b)  -> (artifact id: 'e7bef91a94309f747dc0e56f3802bb5e') in 0.033965 seconds 
Editor requested this worker to shutdown with reason: Scaling down because of idle timeout
AssetImportWorker is now disconnected from the server
Process exiting
Exiting without the bug reporter. Application will terminate with return code 0