Using pre-set license
Built from '2021.2/staging' branch; Version is '2021.2.7f1 (6bd9e232123f) revision 7068130'; Using compiler version '192829333'; Build Type 'Release'
OS: 'Windows 10  (10.0.19043) 64bit Core' Language: 'en' Physical Memory: 16325 MB
BatchMode: 1, IsHumanControllingUs: 0, StartBugReporterOnCrash: 0, Is64bit: 1, IsPro: 0

COMMAND LINE ARGUMENTS:
D:\Programs\2021.2.7f1\Editor\Unity.exe
-adb2
-batchMode
-noUpm
-name
AssetImportWorker4
-projectPath
D:/UCL/Design/MidTerm/Unity/ConCreate_Aggregator
-logFile
Logs/AssetImportWorker4.log
-srvPort
58396
Successfully changed project path to: D:/UCL/Design/MidTerm/Unity/ConCreate_Aggregator
D:/UCL/Design/MidTerm/Unity/ConCreate_Aggregator
[UnityMemory] Configuration Parameters - Can be set up in boot.config
    "memorysetup-bucket-allocator-granularity=16"
    "memorysetup-bucket-allocator-bucket-count=8"
    "memorysetup-bucket-allocator-block-size=33554432"
    "memorysetup-bucket-allocator-block-count=8"
    "memorysetup-main-allocator-block-size=16777216"
    "memorysetup-thread-allocator-block-size=16777216"
    "memorysetup-gfx-main-allocator-block-size=16777216"
    "memorysetup-gfx-thread-allocator-block-size=16777216"
    "memorysetup-cache-allocator-block-size=4194304"
    "memorysetup-typetree-allocator-block-size=2097152"
    "memorysetup-profiler-bucket-allocator-granularity=16"
    "memorysetup-profiler-bucket-allocator-bucket-count=8"
    "memorysetup-profiler-bucket-allocator-block-size=33554432"
    "memorysetup-profiler-bucket-allocator-block-count=8"
    "memorysetup-profiler-allocator-block-size=16777216"
    "memorysetup-profiler-editor-allocator-block-size=1048576"
    "memorysetup-temp-allocator-size-main=16777216"
    "memorysetup-job-temp-allocator-block-size=2097152"
    "memorysetup-job-temp-allocator-block-size-background=1048576"
    "memorysetup-job-temp-allocator-reduction-small-platforms=262144"
    "memorysetup-temp-allocator-size-background-worker=32768"
    "memorysetup-temp-allocator-size-job-worker=262144"
    "memorysetup-temp-allocator-size-preload-manager=33554432"
    "memorysetup-temp-allocator-size-nav-mesh-worker=65536"
    "memorysetup-temp-allocator-size-audio-worker=65536"
    "memorysetup-temp-allocator-size-cloud-worker=32768"
    "memorysetup-temp-allocator-size-gi-baking-worker=262144"
    "memorysetup-temp-allocator-size-gfx=262144"
Refreshing native plugins compatible for Editor in 102.87 ms, found 3 plugins.
Preloading 0 native plugins for Editor in 0.00 ms.
Initialize engine version: 2021.2.7f1 (6bd9e232123f)
[Subsystems] Discovering subsystems at path D:/Programs/2021.2.7f1/Editor/Data/Resources/UnitySubsystems
[Subsystems] Discovering subsystems at path D:/UCL/Design/MidTerm/Unity/ConCreate_Aggregator/Assets
GfxDevice: creating device client; threaded=0; jobified=0
Direct3D:
    Version:  Direct3D 11.0 [level 11.1]
    Renderer: NVIDIA GeForce GTX 1060 (ID=0x1c20)
    Vendor:   NVIDIA
    VRAM:     6052 MB
    Driver:   30.0.15.1123
Initialize mono
Mono path[0] = 'D:/Programs/2021.2.7f1/Editor/Data/Managed'
Mono path[1] = 'D:/Programs/2021.2.7f1/Editor/Data/MonoBleedingEdge/lib/mono/unityjit-win32'
Mono config path = 'D:/Programs/2021.2.7f1/Editor/Data/MonoBleedingEdge/etc'
Using monoOptions --debugger-agent=transport=dt_socket,embedding=1,server=y,suspend=n,address=127.0.0.1:56456
Begin MonoManager ReloadAssembly
Registering precompiled unity dll's ...
Register platform support module: D:/Programs/2021.2.7f1/Editor/Data/PlaybackEngines/WindowsStandaloneSupport/UnityEditor.WindowsStandalone.Extensions.dll
Registered in 0.002781 seconds.
Native extension for WindowsStandalone target not found
Refreshing native plugins compatible for Editor in 83.36 ms, found 3 plugins.
Preloading 0 native plugins for Editor in 0.00 ms.
Mono: successfully reloaded assembly
- Completed reload, in  0.696 seconds
Domain Reload Profiling:
	ReloadAssembly (696ms)
		BeginReloadAssembly (89ms)
			ExecutionOrderSort (0ms)
			DisableScriptedObjects (0ms)
			BackupInstance (0ms)
			ReleaseScriptingObjects (0ms)
			CreateAndSetChildDomain (1ms)
		EndReloadAssembly (526ms)
			LoadAssemblies (88ms)
			RebuildTransferFunctionScriptingTraits (0ms)
			SetupTypeCache (110ms)
			ReleaseScriptCaches (0ms)
			RebuildScriptCaches (33ms)
			SetupLoadedEditorAssemblies (328ms)
				LogAssemblyErrors (0ms)
				InitializePlatformSupportModulesInManaged (16ms)
				SetLoadedEditorAssemblies (0ms)
				RefreshPlugins (83ms)
				BeforeProcessingInitializeOnLoad (1ms)
				ProcessInitializeOnLoadAttributes (170ms)
				ProcessInitializeOnLoadMethodAttributes (57ms)
				AfterProcessingInitializeOnLoad (0ms)
				EditorAssembliesLoaded (0ms)
			ExecutionOrderSort2 (0ms)
			AwakeInstancesAfterBackupRestoration (0ms)
Platform modules already initialized, skipping
Registering precompiled user dll's ...
Registered in 0.005238 seconds.
Begin MonoManager ReloadAssembly
Symbol file LoadedFromMemory doesn't match image D:\UCL\Design\MidTerm\Unity\ConCreate_Aggregator\Library\PackageCache\com.unity.visualscripting@1.7.6\Editor\VisualScripting.Core\Dependencies\YamlDotNet\Unity.VisualScripting.YamlDotNet.dll
Symbol file LoadedFromMemory doesn't match image D:\UCL\Design\MidTerm\Unity\ConCreate_Aggregator\Library\PackageCache\com.unity.visualscripting@1.7.6\Editor\VisualScripting.Core\Dependencies\DotNetZip\Unity.VisualScripting.IonicZip.dll
Native extension for WindowsStandalone target not found
Refreshing native plugins compatible for Editor in 0.50 ms, found 3 plugins.
Preloading 0 native plugins for Editor in 0.00 ms.
Mono: successfully reloaded assembly
- Completed reload, in  1.124 seconds
Domain Reload Profiling:
	ReloadAssembly (1124ms)
		BeginReloadAssembly (116ms)
			ExecutionOrderSort (0ms)
			DisableScriptedObjects (6ms)
			BackupInstance (0ms)
			ReleaseScriptingObjects (0ms)
			CreateAndSetChildDomain (22ms)
		EndReloadAssembly (902ms)
			LoadAssemblies (78ms)
			RebuildTransferFunctionScriptingTraits (0ms)
			SetupTypeCache (304ms)
			ReleaseScriptCaches (1ms)
			RebuildScriptCaches (54ms)
			SetupLoadedEditorAssemblies (416ms)
				LogAssemblyErrors (0ms)
				InitializePlatformSupportModulesInManaged (14ms)
				SetLoadedEditorAssemblies (0ms)
				RefreshPlugins (1ms)
				BeforeProcessingInitializeOnLoad (88ms)
				ProcessInitializeOnLoadAttributes (282ms)
				ProcessInitializeOnLoadMethodAttributes (28ms)
				AfterProcessingInitializeOnLoad (3ms)
				EditorAssembliesLoaded (0ms)
			ExecutionOrderSort2 (0ms)
			AwakeInstancesAfterBackupRestoration (7ms)
Platform modules already initialized, skipping
========================================================================
Worker process is ready to serve import requests
Launched and connected shader compiler UnityShaderCompiler.exe after 0.10 seconds
Refreshing native plugins compatible for Editor in 0.59 ms, found 3 plugins.
Preloading 0 native plugins for Editor in 0.00 ms.
Unloading 3223 Unused Serialized files (Serialized files now loaded: 0)
Unloading 24 unused Assets / (56.0 KB). Loaded Objects now: 3681.
Memory consumption went from 112.1 MB to 112.0 MB.
Total: 3.544300 ms (FindLiveObjects: 0.254800 ms CreateObjectMapping: 0.216000 ms MarkObjects: 3.000300 ms  DeleteObjects: 0.072300 ms)

AssetImportParameters requested are different than current active one (requested -> active):
  custom:video-decoder-ogg-theora: a1e56fd34408186e4bbccfd4996cb3dc -> 
  custom:container-muxer-webm: aa71ff27fc2769a1b78a27578f13a17b -> 
  custom:container-demuxer-webm: 4f35f7cbe854078d1ac9338744f61a02 -> 
  custom:video-encoder-webm-vp8: eb34c28f22e8b96e1ab97ce403110664 -> 
  custom:audio-encoder-webm-vorbis: bf7c407c2cedff20999df2af8eb42d56 -> 
  custom:framework-win-MediaFoundation: 216162199b28c13a410421893ffa2e32 -> 
  custom:container-demuxer-ogg: 62fdf1f143b41e24485cea50d1cbac27 -> 
  custom:video-decoder-webm-vp8: 9c59270c3fd7afecdb556c50c9e8de78 -> 
  custom:audio-decoder-ogg-vorbis: bf7c407c2cedff20999df2af8eb42d56 -> 
========================================================================
Received Import Request.
  Time since last request: 274082.153335 seconds.
  path: Assets/Resources/Prefabs/Parts/07P.prefab
  artifactKey: Guid(96170ab72efa24141932f7c068a744d0) Importer(815301076,1909f56bfc062723c751e8b465ee728b)
Start importing Assets/Resources/Prefabs/Parts/07P.prefab using Guid(96170ab72efa24141932f7c068a744d0) Importer(815301076,1909f56bfc062723c751e8b465ee728b)  -> (artifact id: 'e3b7f9d2a80c3126c14bbdca07328633') in 0.141237 seconds 
========================================================================
Received Import Request.
  Time since last request: 14.969981 seconds.
  path: Assets/Resources/Prefabs/Parts/07P.prefab
  artifactKey: Guid(96170ab72efa24141932f7c068a744d0) Importer(815301076,1909f56bfc062723c751e8b465ee728b)
Start importing Assets/Resources/Prefabs/Parts/07P.prefab using Guid(96170ab72efa24141932f7c068a744d0) Importer(815301076,1909f56bfc062723c751e8b465ee728b)  -> (artifact id: 'a5a57e60e031dfb4693989b783b5a2ae') in 0.024396 seconds 
========================================================================
Received Import Request.
  Time since last request: 2.179715 seconds.
  path: Assets/Resources/Prefabs/Parts/07P.prefab
  artifactKey: Guid(96170ab72efa24141932f7c068a744d0) Importer(815301076,1909f56bfc062723c751e8b465ee728b)
Start importing Assets/Resources/Prefabs/Parts/07P.prefab using Guid(96170ab72efa24141932f7c068a744d0) Importer(815301076,1909f56bfc062723c751e8b465ee728b)  -> (artifact id: '6d4b704ccce0ff4c448866efa321066e') in 0.017091 seconds 
========================================================================
Received Import Request.
  Time since last request: 3.007180 seconds.
  path: Assets/Resources/Prefabs/Parts/07P.prefab
  artifactKey: Guid(96170ab72efa24141932f7c068a744d0) Importer(815301076,1909f56bfc062723c751e8b465ee728b)
Start importing Assets/Resources/Prefabs/Parts/07P.prefab using Guid(96170ab72efa24141932f7c068a744d0) Importer(815301076,1909f56bfc062723c751e8b465ee728b)  -> (artifact id: '588a166711722f9d79655127cf396946') in 0.015891 seconds 
========================================================================
Received Import Request.
  Time since last request: 15.308709 seconds.
  path: Assets/Resources/Prefabs/Parts/07P.prefab
  artifactKey: Guid(96170ab72efa24141932f7c068a744d0) Importer(815301076,1909f56bfc062723c751e8b465ee728b)
Start importing Assets/Resources/Prefabs/Parts/07P.prefab using Guid(96170ab72efa24141932f7c068a744d0) Importer(815301076,1909f56bfc062723c751e8b465ee728b)  -> (artifact id: '166c3948659076a235363afa6647234d') in 0.013268 seconds 
========================================================================
Received Import Request.
  Time since last request: 15.031814 seconds.
  path: Assets/Resources/Prefabs/Parts/07P.prefab
  artifactKey: Guid(96170ab72efa24141932f7c068a744d0) Importer(815301076,1909f56bfc062723c751e8b465ee728b)
Start importing Assets/Resources/Prefabs/Parts/07P.prefab using Guid(96170ab72efa24141932f7c068a744d0) Importer(815301076,1909f56bfc062723c751e8b465ee728b)  -> (artifact id: '0fdfb3478a580223fddc6dabd16db855') in 0.015992 seconds 
========================================================================
Received Import Request.
  Time since last request: 3.006085 seconds.
  path: Assets/Resources/Prefabs/Parts/07P.prefab
  artifactKey: Guid(96170ab72efa24141932f7c068a744d0) Importer(815301076,1909f56bfc062723c751e8b465ee728b)
Start importing Assets/Resources/Prefabs/Parts/07P.prefab using Guid(96170ab72efa24141932f7c068a744d0) Importer(815301076,1909f56bfc062723c751e8b465ee728b)  -> (artifact id: '384e5ec70a08a2f8b11edd0581eb6e62') in 0.014995 seconds 
========================================================================
Received Import Request.
  Time since last request: 5.427978 seconds.
  path: Assets/Resources/Prefabs/Parts/07P.prefab
  artifactKey: Guid(96170ab72efa24141932f7c068a744d0) Importer(815301076,1909f56bfc062723c751e8b465ee728b)
Start importing Assets/Resources/Prefabs/Parts/07P.prefab using Guid(96170ab72efa24141932f7c068a744d0) Importer(815301076,1909f56bfc062723c751e8b465ee728b)  -> (artifact id: '06359a7ff12aa3fdaf4d7d0bf2231e19') in 0.014442 seconds 
========================================================================
Received Import Request.
  Time since last request: 7.031584 seconds.
  path: Assets/Resources/Prefabs/Parts/07P.prefab
  artifactKey: Guid(96170ab72efa24141932f7c068a744d0) Importer(815301076,1909f56bfc062723c751e8b465ee728b)
Start importing Assets/Resources/Prefabs/Parts/07P.prefab using Guid(96170ab72efa24141932f7c068a744d0) Importer(815301076,1909f56bfc062723c751e8b465ee728b)  -> (artifact id: '7b612e9be81e31b97c49f43fd9328d0c') in 0.014892 seconds 
========================================================================
Received Import Request.
  Time since last request: 18.119745 seconds.
  path: Assets/Resources/Prefabs/Parts/07P.prefab
  artifactKey: Guid(96170ab72efa24141932f7c068a744d0) Importer(815301076,1909f56bfc062723c751e8b465ee728b)
Start importing Assets/Resources/Prefabs/Parts/07P.prefab using Guid(96170ab72efa24141932f7c068a744d0) Importer(815301076,1909f56bfc062723c751e8b465ee728b)  -> (artifact id: 'e485dfa11afec3063ebb8d1976330198') in 0.012333 seconds 
========================================================================
Received Import Request.
  Time since last request: 1.592941 seconds.
  path: Assets/Resources/Prefabs/Parts/07P.prefab
  artifactKey: Guid(96170ab72efa24141932f7c068a744d0) Importer(815301076,1909f56bfc062723c751e8b465ee728b)
Start importing Assets/Resources/Prefabs/Parts/07P.prefab using Guid(96170ab72efa24141932f7c068a744d0) Importer(815301076,1909f56bfc062723c751e8b465ee728b)  -> (artifact id: '6a50c12579fefa6189b617a62419f4b5') in 0.013711 seconds 
========================================================================
Received Import Request.
  Time since last request: 14.296165 seconds.
  path: Assets/Resources/Prefabs/Parts/07P.prefab
  artifactKey: Guid(96170ab72efa24141932f7c068a744d0) Importer(815301076,1909f56bfc062723c751e8b465ee728b)
Start importing Assets/Resources/Prefabs/Parts/07P.prefab using Guid(96170ab72efa24141932f7c068a744d0) Importer(815301076,1909f56bfc062723c751e8b465ee728b)  -> (artifact id: 'a93accd7cc436a56482b38fd2d98cfd3') in 0.014041 seconds 
========================================================================
Received Import Request.
  Time since last request: 2.393629 seconds.
  path: Assets/Resources/Prefabs/Parts/07P.prefab
  artifactKey: Guid(96170ab72efa24141932f7c068a744d0) Importer(815301076,1909f56bfc062723c751e8b465ee728b)
Start importing Assets/Resources/Prefabs/Parts/07P.prefab using Guid(96170ab72efa24141932f7c068a744d0) Importer(815301076,1909f56bfc062723c751e8b465ee728b)  -> (artifact id: 'a754026bc911743b8876586414a8f981') in 0.015692 seconds 
========================================================================
Received Import Request.
  Time since last request: 7.908594 seconds.
  path: Assets/Resources/Prefabs/Parts/07P.prefab
  artifactKey: Guid(96170ab72efa24141932f7c068a744d0) Importer(815301076,1909f56bfc062723c751e8b465ee728b)
Start importing Assets/Resources/Prefabs/Parts/07P.prefab using Guid(96170ab72efa24141932f7c068a744d0) Importer(815301076,1909f56bfc062723c751e8b465ee728b)  -> (artifact id: 'd1d8da6c93db67a9ed5ae7b7a2a60595') in 0.013895 seconds 
========================================================================
Received Import Request.
  Time since last request: 4.817939 seconds.
  path: Assets/Resources/Prefabs/Parts/07P.prefab
  artifactKey: Guid(96170ab72efa24141932f7c068a744d0) Importer(815301076,1909f56bfc062723c751e8b465ee728b)
Start importing Assets/Resources/Prefabs/Parts/07P.prefab using Guid(96170ab72efa24141932f7c068a744d0) Importer(815301076,1909f56bfc062723c751e8b465ee728b)  -> (artifact id: 'b9d625741f875f4f2e1d9eb32145d1c4') in 0.013768 seconds 
========================================================================
Received Import Request.
  Time since last request: 0.580021 seconds.
  path: Assets/Resources/Prefabs/Parts/07P.prefab
  artifactKey: Guid(96170ab72efa24141932f7c068a744d0) Importer(815301076,1909f56bfc062723c751e8b465ee728b)
Start importing Assets/Resources/Prefabs/Parts/07P.prefab using Guid(96170ab72efa24141932f7c068a744d0) Importer(815301076,1909f56bfc062723c751e8b465ee728b)  -> (artifact id: '8914b7b30803e086d17499b6d2cb59ae') in 0.017325 seconds 
========================================================================
Received Import Request.
  Time since last request: 1.993510 seconds.
  path: Assets/Resources/Prefabs/Parts/07P.prefab
  artifactKey: Guid(96170ab72efa24141932f7c068a744d0) Importer(815301076,1909f56bfc062723c751e8b465ee728b)
Start importing Assets/Resources/Prefabs/Parts/07P.prefab using Guid(96170ab72efa24141932f7c068a744d0) Importer(815301076,1909f56bfc062723c751e8b465ee728b)  -> (artifact id: '5179cd5275da752a228bb832b971f7a6') in 0.016423 seconds 
========================================================================
Received Import Request.
  Time since last request: 4.816216 seconds.
  path: Assets/Resources/Prefabs/Parts/07P.prefab
  artifactKey: Guid(96170ab72efa24141932f7c068a744d0) Importer(815301076,1909f56bfc062723c751e8b465ee728b)
Start importing Assets/Resources/Prefabs/Parts/07P.prefab using Guid(96170ab72efa24141932f7c068a744d0) Importer(815301076,1909f56bfc062723c751e8b465ee728b)  -> (artifact id: '57529ecfa784c3f2c00e68085e91f80b') in 0.013685 seconds 
========================================================================
Received Import Request.
  Time since last request: 2.400953 seconds.
  path: Assets/Resources/Prefabs/Parts/07P.prefab
  artifactKey: Guid(96170ab72efa24141932f7c068a744d0) Importer(815301076,1909f56bfc062723c751e8b465ee728b)
Start importing Assets/Resources/Prefabs/Parts/07P.prefab using Guid(96170ab72efa24141932f7c068a744d0) Importer(815301076,1909f56bfc062723c751e8b465ee728b)  -> (artifact id: '67f6660678820e77ceee658a01490d99') in 0.013312 seconds 
========================================================================
Received Import Request.
  Time since last request: 3.002590 seconds.
  path: Assets/Resources/Prefabs/Parts/07P.prefab
  artifactKey: Guid(96170ab72efa24141932f7c068a744d0) Importer(815301076,1909f56bfc062723c751e8b465ee728b)
Start importing Assets/Resources/Prefabs/Parts/07P.prefab using Guid(96170ab72efa24141932f7c068a744d0) Importer(815301076,1909f56bfc062723c751e8b465ee728b)  -> (artifact id: '310ce05d83bd23389c7a53106cd7f656') in 0.013145 seconds 
========================================================================
Received Import Request.
  Time since last request: 2.395671 seconds.
  path: Assets/Resources/Prefabs/Parts/07P.prefab
  artifactKey: Guid(96170ab72efa24141932f7c068a744d0) Importer(815301076,1909f56bfc062723c751e8b465ee728b)
Start importing Assets/Resources/Prefabs/Parts/07P.prefab using Guid(96170ab72efa24141932f7c068a744d0) Importer(815301076,1909f56bfc062723c751e8b465ee728b)  -> (artifact id: 'c8fc2279bead4fe62953d06b7b583bfa') in 0.014725 seconds 
========================================================================
Received Import Request.
  Time since last request: 3.198323 seconds.
  path: Assets/Resources/Prefabs/Parts/07P.prefab
  artifactKey: Guid(96170ab72efa24141932f7c068a744d0) Importer(815301076,1909f56bfc062723c751e8b465ee728b)
Start importing Assets/Resources/Prefabs/Parts/07P.prefab using Guid(96170ab72efa24141932f7c068a744d0) Importer(815301076,1909f56bfc062723c751e8b465ee728b)  -> (artifact id: 'b87d28f3e9c904f77c0c0a6fe60fa2fe') in 0.011526 seconds 
========================================================================
Received Import Request.
  Time since last request: 1.392573 seconds.
  path: Assets/Resources/Prefabs/Parts/07P.prefab
  artifactKey: Guid(96170ab72efa24141932f7c068a744d0) Importer(815301076,1909f56bfc062723c751e8b465ee728b)
Start importing Assets/Resources/Prefabs/Parts/07P.prefab using Guid(96170ab72efa24141932f7c068a744d0) Importer(815301076,1909f56bfc062723c751e8b465ee728b)  -> (artifact id: '4c22ec383e45736ecac6b07ad6e575d0') in 0.013309 seconds 
========================================================================
Received Import Request.
  Time since last request: 19.537385 seconds.
  path: Assets/Resources/Prefabs/Parts/07P.prefab
  artifactKey: Guid(96170ab72efa24141932f7c068a744d0) Importer(815301076,1909f56bfc062723c751e8b465ee728b)
Start importing Assets/Resources/Prefabs/Parts/07P.prefab using Guid(96170ab72efa24141932f7c068a744d0) Importer(815301076,1909f56bfc062723c751e8b465ee728b)  -> (artifact id: 'e40bab9c35071cf55b4d013dc476360b') in 0.014606 seconds 
========================================================================
Received Import Request.
  Time since last request: 1.385115 seconds.
  path: Assets/Resources/Prefabs/Parts/07P.prefab
  artifactKey: Guid(96170ab72efa24141932f7c068a744d0) Importer(815301076,1909f56bfc062723c751e8b465ee728b)
Start importing Assets/Resources/Prefabs/Parts/07P.prefab using Guid(96170ab72efa24141932f7c068a744d0) Importer(815301076,1909f56bfc062723c751e8b465ee728b)  -> (artifact id: 'cc564c61ba69dc7217681494503fcaeb') in 0.014287 seconds 
========================================================================
Received Import Request.
  Time since last request: 3.245221 seconds.
  path: Assets/Resources/Prefabs/Parts/07P.prefab
  artifactKey: Guid(96170ab72efa24141932f7c068a744d0) Importer(815301076,1909f56bfc062723c751e8b465ee728b)
Start importing Assets/Resources/Prefabs/Parts/07P.prefab using Guid(96170ab72efa24141932f7c068a744d0) Importer(815301076,1909f56bfc062723c751e8b465ee728b)  -> (artifact id: '06fc2f7c80ab16dd7257790b60b21f86') in 0.013714 seconds 
========================================================================
Received Import Request.
  Time since last request: 2.630103 seconds.
  path: Assets/Resources/Prefabs/Parts/07P.prefab
  artifactKey: Guid(96170ab72efa24141932f7c068a744d0) Importer(815301076,1909f56bfc062723c751e8b465ee728b)
Start importing Assets/Resources/Prefabs/Parts/07P.prefab using Guid(96170ab72efa24141932f7c068a744d0) Importer(815301076,1909f56bfc062723c751e8b465ee728b)  -> (artifact id: '106992461d02a8d451bd2c849a40cbb9') in 0.014038 seconds 
========================================================================
Received Prepare
Registering precompiled user dll's ...
Registered in 0.004453 seconds.
Begin MonoManager ReloadAssembly
Symbol file LoadedFromMemory doesn't match image D:\UCL\Design\MidTerm\Unity\ConCreate_Aggregator\Library\PackageCache\com.unity.visualscripting@1.7.6\Editor\VisualScripting.Core\Dependencies\YamlDotNet\Unity.VisualScripting.YamlDotNet.dll
Symbol file LoadedFromMemory doesn't match image D:\UCL\Design\MidTerm\Unity\ConCreate_Aggregator\Library\PackageCache\com.unity.visualscripting@1.7.6\Editor\VisualScripting.Core\Dependencies\DotNetZip\Unity.VisualScripting.IonicZip.dll
Native extension for WindowsStandalone target not found
Refreshing native plugins compatible for Editor in 0.59 ms, found 3 plugins.
Preloading 0 native plugins for Editor in 0.00 ms.
Mono: successfully reloaded assembly
- Completed reload, in  1.346 seconds
Domain Reload Profiling:
	ReloadAssembly (1347ms)
		BeginReloadAssembly (150ms)
			ExecutionOrderSort (0ms)
			DisableScriptedObjects (5ms)
			BackupInstance (0ms)
			ReleaseScriptingObjects (0ms)
			CreateAndSetChildDomain (44ms)
		EndReloadAssembly (1078ms)
			LoadAssemblies (89ms)
			RebuildTransferFunctionScriptingTraits (0ms)
			SetupTypeCache (393ms)
			ReleaseScriptCaches (2ms)
			RebuildScriptCaches (63ms)
			SetupLoadedEditorAssemblies (459ms)
				LogAssemblyErrors (0ms)
				InitializePlatformSupportModulesInManaged (17ms)
				SetLoadedEditorAssemblies (1ms)
				RefreshPlugins (1ms)
				BeforeProcessingInitializeOnLoad (86ms)
				ProcessInitializeOnLoadAttributes (315ms)
				ProcessInitializeOnLoadMethodAttributes (35ms)
				AfterProcessingInitializeOnLoad (5ms)
				EditorAssembliesLoaded (0ms)
			ExecutionOrderSort2 (0ms)
			AwakeInstancesAfterBackupRestoration (11ms)
Platform modules already initialized, skipping
Refreshing native plugins compatible for Editor in 0.58 ms, found 3 plugins.
Preloading 0 native plugins for Editor in 0.00 ms.
Unloading 3216 Unused Serialized files (Serialized files now loaded: 0)
Unloading 19 unused Assets / (24.6 KB). Loaded Objects now: 3689.
Memory consumption went from 116.3 MB to 116.3 MB.
Total: 4.613600 ms (FindLiveObjects: 0.354300 ms CreateObjectMapping: 0.317200 ms MarkObjects: 3.911800 ms  DeleteObjects: 0.029100 ms)

AssetImportParameters requested are different than current active one (requested -> active):
  custom:video-decoder-ogg-theora: a1e56fd34408186e4bbccfd4996cb3dc -> 
  custom:container-muxer-webm: aa71ff27fc2769a1b78a27578f13a17b -> 
  custom:container-demuxer-webm: 4f35f7cbe854078d1ac9338744f61a02 -> 
  custom:video-encoder-webm-vp8: eb34c28f22e8b96e1ab97ce403110664 -> 
  custom:audio-encoder-webm-vorbis: bf7c407c2cedff20999df2af8eb42d56 -> 
  custom:framework-win-MediaFoundation: 216162199b28c13a410421893ffa2e32 -> 
  custom:container-demuxer-ogg: 62fdf1f143b41e24485cea50d1cbac27 -> 
  custom:video-decoder-webm-vp8: 9c59270c3fd7afecdb556c50c9e8de78 -> 
  custom:audio-decoder-ogg-vorbis: bf7c407c2cedff20999df2af8eb42d56 -> 
========================================================================
Received Prepare
Registering precompiled user dll's ...
Registered in 0.006176 seconds.
Begin MonoManager ReloadAssembly
Symbol file LoadedFromMemory doesn't match image D:\UCL\Design\MidTerm\Unity\ConCreate_Aggregator\Library\PackageCache\com.unity.visualscripting@1.7.6\Editor\VisualScripting.Core\Dependencies\YamlDotNet\Unity.VisualScripting.YamlDotNet.dll
Symbol file LoadedFromMemory doesn't match image D:\UCL\Design\MidTerm\Unity\ConCreate_Aggregator\Library\PackageCache\com.unity.visualscripting@1.7.6\Editor\VisualScripting.Core\Dependencies\DotNetZip\Unity.VisualScripting.IonicZip.dll
Native extension for WindowsStandalone target not found
Refreshing native plugins compatible for Editor in 0.55 ms, found 3 plugins.
Preloading 0 native plugins for Editor in 0.00 ms.
Mono: successfully reloaded assembly
- Completed reload, in  1.205 seconds
Domain Reload Profiling:
	ReloadAssembly (1206ms)
		BeginReloadAssembly (148ms)
			ExecutionOrderSort (0ms)
			DisableScriptedObjects (6ms)
			BackupInstance (0ms)
			ReleaseScriptingObjects (0ms)
			CreateAndSetChildDomain (39ms)
		EndReloadAssembly (951ms)
			LoadAssemblies (87ms)
			RebuildTransferFunctionScriptingTraits (0ms)
			SetupTypeCache (388ms)
			ReleaseScriptCaches (2ms)
			RebuildScriptCaches (62ms)
			SetupLoadedEditorAssemblies (354ms)
				LogAssemblyErrors (0ms)
				InitializePlatformSupportModulesInManaged (13ms)
				SetLoadedEditorAssemblies (1ms)
				RefreshPlugins (1ms)
				BeforeProcessingInitializeOnLoad (65ms)
				ProcessInitializeOnLoadAttributes (242ms)
				ProcessInitializeOnLoadMethodAttributes (30ms)
				AfterProcessingInitializeOnLoad (3ms)
				EditorAssembliesLoaded (0ms)
			ExecutionOrderSort2 (0ms)
			AwakeInstancesAfterBackupRestoration (10ms)
Platform modules already initialized, skipping
Refreshing native plugins compatible for Editor in 0.84 ms, found 3 plugins.
Preloading 0 native plugins for Editor in 0.00 ms.
Unloading 3216 Unused Serialized files (Serialized files now loaded: 0)
Unloading 19 unused Assets / (24.6 KB). Loaded Objects now: 3691.
Memory consumption went from 116.3 MB to 116.3 MB.
Total: 3.061400 ms (FindLiveObjects: 0.261700 ms CreateObjectMapping: 0.176200 ms MarkObjects: 2.592800 ms  DeleteObjects: 0.029800 ms)

AssetImportParameters requested are different than current active one (requested -> active):
  custom:video-decoder-ogg-theora: a1e56fd34408186e4bbccfd4996cb3dc -> 
  custom:container-muxer-webm: aa71ff27fc2769a1b78a27578f13a17b -> 
  custom:container-demuxer-webm: 4f35f7cbe854078d1ac9338744f61a02 -> 
  custom:video-encoder-webm-vp8: eb34c28f22e8b96e1ab97ce403110664 -> 
  custom:audio-encoder-webm-vorbis: bf7c407c2cedff20999df2af8eb42d56 -> 
  custom:framework-win-MediaFoundation: 216162199b28c13a410421893ffa2e32 -> 
  custom:container-demuxer-ogg: 62fdf1f143b41e24485cea50d1cbac27 -> 
  custom:video-decoder-webm-vp8: 9c59270c3fd7afecdb556c50c9e8de78 -> 
  custom:audio-decoder-ogg-vorbis: bf7c407c2cedff20999df2af8eb42d56 -> 
========================================================================
Received Prepare
Registering precompiled user dll's ...
Registered in 0.004956 seconds.
Begin MonoManager ReloadAssembly
Symbol file LoadedFromMemory doesn't match image D:\UCL\Design\MidTerm\Unity\ConCreate_Aggregator\Library\PackageCache\com.unity.visualscripting@1.7.6\Editor\VisualScripting.Core\Dependencies\YamlDotNet\Unity.VisualScripting.YamlDotNet.dll
Symbol file LoadedFromMemory doesn't match image D:\UCL\Design\MidTerm\Unity\ConCreate_Aggregator\Library\PackageCache\com.unity.visualscripting@1.7.6\Editor\VisualScripting.Core\Dependencies\DotNetZip\Unity.VisualScripting.IonicZip.dll
Native extension for WindowsStandalone target not found
Refreshing native plugins compatible for Editor in 0.88 ms, found 3 plugins.
Preloading 0 native plugins for Editor in 0.00 ms.
Mono: successfully reloaded assembly
- Completed reload, in  1.331 seconds
Domain Reload Profiling:
	ReloadAssembly (1332ms)
		BeginReloadAssembly (157ms)
			ExecutionOrderSort (0ms)
			DisableScriptedObjects (6ms)
			BackupInstance (0ms)
			ReleaseScriptingObjects (0ms)
			CreateAndSetChildDomain (39ms)
		EndReloadAssembly (1054ms)
			LoadAssemblies (87ms)
			RebuildTransferFunctionScriptingTraits (0ms)
			SetupTypeCache (360ms)
			ReleaseScriptCaches (2ms)
			RebuildScriptCaches (66ms)
			SetupLoadedEditorAssemblies (454ms)
				LogAssemblyErrors (0ms)
				InitializePlatformSupportModulesInManaged (17ms)
				SetLoadedEditorAssemblies (1ms)
				RefreshPlugins (1ms)
				BeforeProcessingInitializeOnLoad (84ms)
				ProcessInitializeOnLoadAttributes (312ms)
				ProcessInitializeOnLoadMethodAttributes (34ms)
				AfterProcessingInitializeOnLoad (5ms)
				EditorAssembliesLoaded (0ms)
			ExecutionOrderSort2 (0ms)
			AwakeInstancesAfterBackupRestoration (11ms)
Platform modules already initialized, skipping
Refreshing native plugins compatible for Editor in 0.58 ms, found 3 plugins.
Preloading 0 native plugins for Editor in 0.00 ms.
Unloading 3216 Unused Serialized files (Serialized files now loaded: 0)
Unloading 19 unused Assets / (24.6 KB). Loaded Objects now: 3693.
Memory consumption went from 116.3 MB to 116.3 MB.
Total: 2.806700 ms (FindLiveObjects: 0.260500 ms CreateObjectMapping: 0.182600 ms MarkObjects: 2.330200 ms  DeleteObjects: 0.032200 ms)

AssetImportParameters requested are different than current active one (requested -> active):
  custom:video-decoder-ogg-theora: a1e56fd34408186e4bbccfd4996cb3dc -> 
  custom:container-muxer-webm: aa71ff27fc2769a1b78a27578f13a17b -> 
  custom:container-demuxer-webm: 4f35f7cbe854078d1ac9338744f61a02 -> 
  custom:video-encoder-webm-vp8: eb34c28f22e8b96e1ab97ce403110664 -> 
  custom:audio-encoder-webm-vorbis: bf7c407c2cedff20999df2af8eb42d56 -> 
  custom:framework-win-MediaFoundation: 216162199b28c13a410421893ffa2e32 -> 
  custom:container-demuxer-ogg: 62fdf1f143b41e24485cea50d1cbac27 -> 
  custom:video-decoder-webm-vp8: 9c59270c3fd7afecdb556c50c9e8de78 -> 
  custom:audio-decoder-ogg-vorbis: bf7c407c2cedff20999df2af8eb42d56 -> 
========================================================================
Received Import Request.
  Time since last request: 398.590849 seconds.
  path: Assets/Resources/Prefabs/Parts/01P.prefab
  artifactKey: Guid(a6b7f13d53987c941ab606e36f25a049) Importer(815301076,1909f56bfc062723c751e8b465ee728b)
Start importing Assets/Resources/Prefabs/Parts/01P.prefab using Guid(a6b7f13d53987c941ab606e36f25a049) Importer(815301076,1909f56bfc062723c751e8b465ee728b)  -> (artifact id: '6d0af611edcff76428a1afd40517435e') in 0.089855 seconds 
========================================================================
Received Import Request.
  Time since last request: 5.840888 seconds.
  path: Assets/Resources/Prefabs/Parts/02P.prefab
  artifactKey: Guid(2fdb09f083d75b345b6fa0d413fa3cfa) Importer(815301076,1909f56bfc062723c751e8b465ee728b)
Start importing Assets/Resources/Prefabs/Parts/02P.prefab using Guid(2fdb09f083d75b345b6fa0d413fa3cfa) Importer(815301076,1909f56bfc062723c751e8b465ee728b)  -> (artifact id: 'b9ab4ceefe490dee34c85cd292fae784') in 0.012438 seconds 
========================================================================
Received Import Request.
  Time since last request: 0.000023 seconds.
  path: Assets/Resources/Prefabs/Parts/04P.prefab
  artifactKey: Guid(d818ecbd8c1ce7e40a13528078ed3274) Importer(815301076,1909f56bfc062723c751e8b465ee728b)
Start importing Assets/Resources/Prefabs/Parts/04P.prefab using Guid(d818ecbd8c1ce7e40a13528078ed3274) Importer(815301076,1909f56bfc062723c751e8b465ee728b)  -> (artifact id: '852c0a7d9a54a39731c652baea936eca') in 0.019980 seconds 
========================================================================
Received Import Request.
  Time since last request: 0.000091 seconds.
  path: Assets/Resources/Prefabs/Parts/06P.prefab
  artifactKey: Guid(7778c3924d9ae52488a2b5d4901983f3) Importer(815301076,1909f56bfc062723c751e8b465ee728b)
Start importing Assets/Resources/Prefabs/Parts/06P.prefab using Guid(7778c3924d9ae52488a2b5d4901983f3) Importer(815301076,1909f56bfc062723c751e8b465ee728b)  -> (artifact id: 'e75b86da45be8ec23bf1b8b48e298f58') in 0.015137 seconds 
========================================================================
Received Import Request.
  Time since last request: 0.000026 seconds.
  path: Assets/Resources/Prefabs/Parts/08P.prefab
  artifactKey: Guid(ca20572d54b89c54082c8e09d623bcbf) Importer(815301076,1909f56bfc062723c751e8b465ee728b)
Start importing Assets/Resources/Prefabs/Parts/08P.prefab using Guid(ca20572d54b89c54082c8e09d623bcbf) Importer(815301076,1909f56bfc062723c751e8b465ee728b)  -> (artifact id: 'b90aa18a15d3b35de556f8d86dcabdf9') in 0.013444 seconds 
========================================================================
Received Import Request.
  Time since last request: 0.000022 seconds.
  path: Assets/Resources/Prefabs/Parts/05P.prefab
  artifactKey: Guid(cfbfa4ae397957c4a9ee026480d3a170) Importer(815301076,1909f56bfc062723c751e8b465ee728b)
Start importing Assets/Resources/Prefabs/Parts/05P.prefab using Guid(cfbfa4ae397957c4a9ee026480d3a170) Importer(815301076,1909f56bfc062723c751e8b465ee728b)  -> (artifact id: '9ef4eea7f455ae9e57668646a2dae278') in 0.014915 seconds 
========================================================================
Received Import Request.
  Time since last request: 0.000022 seconds.
  path: Assets/Resources/Prefabs/Parts/07P.prefab
  artifactKey: Guid(96170ab72efa24141932f7c068a744d0) Importer(815301076,1909f56bfc062723c751e8b465ee728b)
Start importing Assets/Resources/Prefabs/Parts/07P.prefab using Guid(96170ab72efa24141932f7c068a744d0) Importer(815301076,1909f56bfc062723c751e8b465ee728b)  -> (artifact id: '61a78860228198d628f4d3e252eb89ad') in 0.014386 seconds 
========================================================================
Received Prepare
Registering precompiled user dll's ...
Registered in 0.004643 seconds.
Begin MonoManager ReloadAssembly
Symbol file LoadedFromMemory doesn't match image D:\UCL\Design\MidTerm\Unity\ConCreate_Aggregator\Library\PackageCache\com.unity.visualscripting@1.7.6\Editor\VisualScripting.Core\Dependencies\YamlDotNet\Unity.VisualScripting.YamlDotNet.dll
Symbol file LoadedFromMemory doesn't match image D:\UCL\Design\MidTerm\Unity\ConCreate_Aggregator\Library\PackageCache\com.unity.visualscripting@1.7.6\Editor\VisualScripting.Core\Dependencies\DotNetZip\Unity.VisualScripting.IonicZip.dll
Native extension for WindowsStandalone target not found
Refreshing native plugins compatible for Editor in 0.57 ms, found 3 plugins.
Preloading 0 native plugins for Editor in 0.00 ms.
Mono: successfully reloaded assembly
- Completed reload, in  1.481 seconds
Domain Reload Profiling:
	ReloadAssembly (1482ms)
		BeginReloadAssembly (170ms)
			ExecutionOrderSort (0ms)
			DisableScriptedObjects (5ms)
			BackupInstance (0ms)
			ReleaseScriptingObjects (0ms)
			CreateAndSetChildDomain (42ms)
		EndReloadAssembly (1191ms)
			LoadAssemblies (105ms)
			RebuildTransferFunctionScriptingTraits (0ms)
			SetupTypeCache (430ms)
			ReleaseScriptCaches (2ms)
			RebuildScriptCaches (70ms)
			SetupLoadedEditorAssemblies (514ms)
				LogAssemblyErrors (0ms)
				InitializePlatformSupportModulesInManaged (19ms)
				SetLoadedEditorAssemblies (1ms)
				RefreshPlugins (1ms)
				BeforeProcessingInitializeOnLoad (96ms)
				ProcessInitializeOnLoadAttributes (355ms)
				ProcessInitializeOnLoadMethodAttributes (37ms)
				AfterProcessingInitializeOnLoad (6ms)
				EditorAssembliesLoaded (0ms)
			ExecutionOrderSort2 (0ms)
			AwakeInstancesAfterBackupRestoration (12ms)
Platform modules already initialized, skipping
Refreshing native plugins compatible for Editor in 0.99 ms, found 3 plugins.
Preloading 0 native plugins for Editor in 0.00 ms.
Unloading 3216 Unused Serialized files (Serialized files now loaded: 0)
Unloading 19 unused Assets / (24.7 KB). Loaded Objects now: 3695.
Memory consumption went from 116.3 MB to 116.3 MB.
Total: 3.782500 ms (FindLiveObjects: 0.299600 ms CreateObjectMapping: 0.284500 ms MarkObjects: 3.174800 ms  DeleteObjects: 0.021700 ms)

AssetImportParameters requested are different than current active one (requested -> active):
  custom:video-decoder-ogg-theora: a1e56fd34408186e4bbccfd4996cb3dc -> 
  custom:container-muxer-webm: aa71ff27fc2769a1b78a27578f13a17b -> 
  custom:container-demuxer-webm: 4f35f7cbe854078d1ac9338744f61a02 -> 
  custom:video-encoder-webm-vp8: eb34c28f22e8b96e1ab97ce403110664 -> 
  custom:audio-encoder-webm-vorbis: bf7c407c2cedff20999df2af8eb42d56 -> 
  custom:framework-win-MediaFoundation: 216162199b28c13a410421893ffa2e32 -> 
  custom:container-demuxer-ogg: 62fdf1f143b41e24485cea50d1cbac27 -> 
  custom:video-decoder-webm-vp8: 9c59270c3fd7afecdb556c50c9e8de78 -> 
  custom:audio-decoder-ogg-vorbis: bf7c407c2cedff20999df2af8eb42d56 -> 
========================================================================
Received Prepare
Registering precompiled user dll's ...
Registered in 0.004959 seconds.
Begin MonoManager ReloadAssembly
Symbol file LoadedFromMemory doesn't match image D:\UCL\Design\MidTerm\Unity\ConCreate_Aggregator\Library\PackageCache\com.unity.visualscripting@1.7.6\Editor\VisualScripting.Core\Dependencies\YamlDotNet\Unity.VisualScripting.YamlDotNet.dll
Symbol file LoadedFromMemory doesn't match image D:\UCL\Design\MidTerm\Unity\ConCreate_Aggregator\Library\PackageCache\com.unity.visualscripting@1.7.6\Editor\VisualScripting.Core\Dependencies\DotNetZip\Unity.VisualScripting.IonicZip.dll
Native extension for WindowsStandalone target not found
Refreshing native plugins compatible for Editor in 0.87 ms, found 3 plugins.
Preloading 0 native plugins for Editor in 0.00 ms.
Mono: successfully reloaded assembly
- Completed reload, in  1.506 seconds
Domain Reload Profiling:
	ReloadAssembly (1507ms)
		BeginReloadAssembly (167ms)
			ExecutionOrderSort (0ms)
			DisableScriptedObjects (6ms)
			BackupInstance (0ms)
			ReleaseScriptingObjects (0ms)
			CreateAndSetChildDomain (44ms)
		EndReloadAssembly (1227ms)
			LoadAssemblies (97ms)
			RebuildTransferFunctionScriptingTraits (0ms)
			SetupTypeCache (448ms)
			ReleaseScriptCaches (2ms)
			RebuildScriptCaches (74ms)
			SetupLoadedEditorAssemblies (510ms)
				LogAssemblyErrors (0ms)
				InitializePlatformSupportModulesInManaged (18ms)
				SetLoadedEditorAssemblies (1ms)
				RefreshPlugins (1ms)
				BeforeProcessingInitializeOnLoad (95ms)
				ProcessInitializeOnLoadAttributes (350ms)
				ProcessInitializeOnLoadMethodAttributes (40ms)
				AfterProcessingInitializeOnLoad (5ms)
				EditorAssembliesLoaded (0ms)
			ExecutionOrderSort2 (0ms)
			AwakeInstancesAfterBackupRestoration (12ms)
Platform modules already initialized, skipping
Refreshing native plugins compatible for Editor in 0.60 ms, found 3 plugins.
Preloading 0 native plugins for Editor in 0.00 ms.
Unloading 3216 Unused Serialized files (Serialized files now loaded: 0)
Unloading 19 unused Assets / (24.6 KB). Loaded Objects now: 3697.
Memory consumption went from 116.3 MB to 116.3 MB.
Total: 3.803100 ms (FindLiveObjects: 0.283000 ms CreateObjectMapping: 0.217100 ms MarkObjects: 3.269600 ms  DeleteObjects: 0.031900 ms)

AssetImportParameters requested are different than current active one (requested -> active):
  custom:video-decoder-ogg-theora: a1e56fd34408186e4bbccfd4996cb3dc -> 
  custom:container-muxer-webm: aa71ff27fc2769a1b78a27578f13a17b -> 
  custom:container-demuxer-webm: 4f35f7cbe854078d1ac9338744f61a02 -> 
  custom:video-encoder-webm-vp8: eb34c28f22e8b96e1ab97ce403110664 -> 
  custom:audio-encoder-webm-vorbis: bf7c407c2cedff20999df2af8eb42d56 -> 
  custom:framework-win-MediaFoundation: 216162199b28c13a410421893ffa2e32 -> 
  custom:container-demuxer-ogg: 62fdf1f143b41e24485cea50d1cbac27 -> 
  custom:video-decoder-webm-vp8: 9c59270c3fd7afecdb556c50c9e8de78 -> 
  custom:audio-decoder-ogg-vorbis: bf7c407c2cedff20999df2af8eb42d56 -> 
Editor requested this worker to shutdown with reason: Scaling down because of idle timeout
AssetImportWorker is now disconnected from the server
Process exiting
Exiting without the bug reporter. Application will terminate with return code 0