Using pre-set license
Built from '2021.2/staging' branch; Version is '2021.2.7f1 (6bd9e232123f) revision 7068130'; Using compiler version '192829333'; Build Type 'Release'
OS: 'Windows 10  (10.0.19043) 64bit Core' Language: 'en' Physical Memory: 16325 MB
BatchMode: 1, IsHumanControllingUs: 0, StartBugReporterOnCrash: 0, Is64bit: 1, IsPro: 0

COMMAND LINE ARGUMENTS:
D:\Programs\2021.2.7f1\Editor\Unity.exe
-adb2
-batchMode
-noUpm
-name
AssetImportWorker2
-projectPath
D:/UCL/Design/MidTerm/Unity/ConCreate_Aggregator
-logFile
Logs/AssetImportWorker2.log
-srvPort
58396
Successfully changed project path to: D:/UCL/Design/MidTerm/Unity/ConCreate_Aggregator
D:/UCL/Design/MidTerm/Unity/ConCreate_Aggregator
[UnityMemory] Configuration Parameters - Can be set up in boot.config
    "memorysetup-bucket-allocator-granularity=16"
    "memorysetup-bucket-allocator-bucket-count=8"
    "memorysetup-bucket-allocator-block-size=33554432"
    "memorysetup-bucket-allocator-block-count=8"
    "memorysetup-main-allocator-block-size=16777216"
    "memorysetup-thread-allocator-block-size=16777216"
    "memorysetup-gfx-main-allocator-block-size=16777216"
    "memorysetup-gfx-thread-allocator-block-size=16777216"
    "memorysetup-cache-allocator-block-size=4194304"
    "memorysetup-typetree-allocator-block-size=2097152"
    "memorysetup-profiler-bucket-allocator-granularity=16"
    "memorysetup-profiler-bucket-allocator-bucket-count=8"
    "memorysetup-profiler-bucket-allocator-block-size=33554432"
    "memorysetup-profiler-bucket-allocator-block-count=8"
    "memorysetup-profiler-allocator-block-size=16777216"
    "memorysetup-profiler-editor-allocator-block-size=1048576"
    "memorysetup-temp-allocator-size-main=16777216"
    "memorysetup-job-temp-allocator-block-size=2097152"
    "memorysetup-job-temp-allocator-block-size-background=1048576"
    "memorysetup-job-temp-allocator-reduction-small-platforms=262144"
    "memorysetup-temp-allocator-size-background-worker=32768"
    "memorysetup-temp-allocator-size-job-worker=262144"
    "memorysetup-temp-allocator-size-preload-manager=33554432"
    "memorysetup-temp-allocator-size-nav-mesh-worker=65536"
    "memorysetup-temp-allocator-size-audio-worker=65536"
    "memorysetup-temp-allocator-size-cloud-worker=32768"
    "memorysetup-temp-allocator-size-gi-baking-worker=262144"
    "memorysetup-temp-allocator-size-gfx=262144"
Refreshing native plugins compatible for Editor in 91.64 ms, found 3 plugins.
Preloading 0 native plugins for Editor in 0.00 ms.
Initialize engine version: 2021.2.7f1 (6bd9e232123f)
[Subsystems] Discovering subsystems at path D:/Programs/2021.2.7f1/Editor/Data/Resources/UnitySubsystems
[Subsystems] Discovering subsystems at path D:/UCL/Design/MidTerm/Unity/ConCreate_Aggregator/Assets
GfxDevice: creating device client; threaded=0; jobified=0
Direct3D:
    Version:  Direct3D 11.0 [level 11.1]
    Renderer: NVIDIA GeForce GTX 1060 (ID=0x1c20)
    Vendor:   NVIDIA
    VRAM:     6052 MB
    Driver:   30.0.15.1123
Initialize mono
Mono path[0] = 'D:/Programs/2021.2.7f1/Editor/Data/Managed'
Mono path[1] = 'D:/Programs/2021.2.7f1/Editor/Data/MonoBleedingEdge/lib/mono/unityjit-win32'
Mono config path = 'D:/Programs/2021.2.7f1/Editor/Data/MonoBleedingEdge/etc'
Using monoOptions --debugger-agent=transport=dt_socket,embedding=1,server=y,suspend=n,address=127.0.0.1:56816
Begin MonoManager ReloadAssembly
Registering precompiled unity dll's ...
Register platform support module: D:/Programs/2021.2.7f1/Editor/Data/PlaybackEngines/WindowsStandaloneSupport/UnityEditor.WindowsStandalone.Extensions.dll
Registered in 0.003711 seconds.
Native extension for WindowsStandalone target not found
Refreshing native plugins compatible for Editor in 90.06 ms, found 3 plugins.
Preloading 0 native plugins for Editor in 0.00 ms.
Mono: successfully reloaded assembly
- Completed reload, in  0.767 seconds
Domain Reload Profiling:
	ReloadAssembly (768ms)
		BeginReloadAssembly (90ms)
			ExecutionOrderSort (0ms)
			DisableScriptedObjects (0ms)
			BackupInstance (0ms)
			ReleaseScriptingObjects (0ms)
			CreateAndSetChildDomain (2ms)
		EndReloadAssembly (584ms)
			LoadAssemblies (88ms)
			RebuildTransferFunctionScriptingTraits (0ms)
			SetupTypeCache (127ms)
			ReleaseScriptCaches (0ms)
			RebuildScriptCaches (33ms)
			SetupLoadedEditorAssemblies (364ms)
				LogAssemblyErrors (0ms)
				InitializePlatformSupportModulesInManaged (17ms)
				SetLoadedEditorAssemblies (0ms)
				RefreshPlugins (90ms)
				BeforeProcessingInitializeOnLoad (1ms)
				ProcessInitializeOnLoadAttributes (194ms)
				ProcessInitializeOnLoadMethodAttributes (62ms)
				AfterProcessingInitializeOnLoad (0ms)
				EditorAssembliesLoaded (0ms)
			ExecutionOrderSort2 (0ms)
			AwakeInstancesAfterBackupRestoration (0ms)
Platform modules already initialized, skipping
Registering precompiled user dll's ...
Registered in 0.005172 seconds.
Begin MonoManager ReloadAssembly
Symbol file LoadedFromMemory doesn't match image D:\UCL\Design\MidTerm\Unity\ConCreate_Aggregator\Library\PackageCache\com.unity.visualscripting@1.7.6\Editor\VisualScripting.Core\Dependencies\YamlDotNet\Unity.VisualScripting.YamlDotNet.dll
Symbol file LoadedFromMemory doesn't match image D:\UCL\Design\MidTerm\Unity\ConCreate_Aggregator\Library\PackageCache\com.unity.visualscripting@1.7.6\Editor\VisualScripting.Core\Dependencies\DotNetZip\Unity.VisualScripting.IonicZip.dll
Native extension for WindowsStandalone target not found
Refreshing native plugins compatible for Editor in 0.75 ms, found 3 plugins.
Preloading 0 native plugins for Editor in 0.00 ms.
Mono: successfully reloaded assembly
- Completed reload, in  1.236 seconds
Domain Reload Profiling:
	ReloadAssembly (1237ms)
		BeginReloadAssembly (124ms)
			ExecutionOrderSort (0ms)
			DisableScriptedObjects (6ms)
			BackupInstance (0ms)
			ReleaseScriptingObjects (0ms)
			CreateAndSetChildDomain (21ms)
		EndReloadAssembly (1007ms)
			LoadAssemblies (86ms)
			RebuildTransferFunctionScriptingTraits (0ms)
			SetupTypeCache (358ms)
			ReleaseScriptCaches (1ms)
			RebuildScriptCaches (62ms)
			SetupLoadedEditorAssemblies (451ms)
				LogAssemblyErrors (0ms)
				InitializePlatformSupportModulesInManaged (13ms)
				SetLoadedEditorAssemblies (1ms)
				RefreshPlugins (1ms)
				BeforeProcessingInitializeOnLoad (116ms)
				ProcessInitializeOnLoadAttributes (294ms)
				ProcessInitializeOnLoadMethodAttributes (24ms)
				AfterProcessingInitializeOnLoad (3ms)
				EditorAssembliesLoaded (0ms)
			ExecutionOrderSort2 (0ms)
			AwakeInstancesAfterBackupRestoration (6ms)
Platform modules already initialized, skipping
========================================================================
Worker process is ready to serve import requests
Launched and connected shader compiler UnityShaderCompiler.exe after 0.08 seconds
Refreshing native plugins compatible for Editor in 0.52 ms, found 3 plugins.
Preloading 0 native plugins for Editor in 0.00 ms.
Unloading 3223 Unused Serialized files (Serialized files now loaded: 0)
Unloading 24 unused Assets / (55.6 KB). Loaded Objects now: 3681.
Memory consumption went from 112.1 MB to 112.0 MB.
Total: 3.346500 ms (FindLiveObjects: 0.274500 ms CreateObjectMapping: 0.184400 ms MarkObjects: 2.795000 ms  DeleteObjects: 0.091700 ms)

AssetImportParameters requested are different than current active one (requested -> active):
  custom:video-decoder-ogg-theora: a1e56fd34408186e4bbccfd4996cb3dc -> 
  custom:container-muxer-webm: aa71ff27fc2769a1b78a27578f13a17b -> 
  custom:container-demuxer-webm: 4f35f7cbe854078d1ac9338744f61a02 -> 
  custom:video-encoder-webm-vp8: eb34c28f22e8b96e1ab97ce403110664 -> 
  custom:audio-encoder-webm-vorbis: bf7c407c2cedff20999df2af8eb42d56 -> 
  custom:framework-win-MediaFoundation: 216162199b28c13a410421893ffa2e32 -> 
  custom:container-demuxer-ogg: 62fdf1f143b41e24485cea50d1cbac27 -> 
  custom:video-decoder-webm-vp8: 9c59270c3fd7afecdb556c50c9e8de78 -> 
  custom:audio-decoder-ogg-vorbis: bf7c407c2cedff20999df2af8eb42d56 -> 
========================================================================
Received Import Request.
  Time since last request: 271773.475951 seconds.
  path: Assets/Resources/Meshes/01.obj
  artifactKey: Guid(43fe3714cf96e6c41b1fb66f34ccfa4b) Importer(815301076,1909f56bfc062723c751e8b465ee728b)
Start importing Assets/Resources/Meshes/01.obj using Guid(43fe3714cf96e6c41b1fb66f34ccfa4b) Importer(815301076,1909f56bfc062723c751e8b465ee728b)  -> (artifact id: '750453d93064f2de9ef1604d0b0b9e75') in 0.470243 seconds 
========================================================================
Received Import Request.
  Time since last request: 17.433693 seconds.
  path: Assets/Resources/Meshes/01.obj
  artifactKey: Guid(43fe3714cf96e6c41b1fb66f34ccfa4b) Importer(815301076,1909f56bfc062723c751e8b465ee728b)
Start importing Assets/Resources/Meshes/01.obj using Guid(43fe3714cf96e6c41b1fb66f34ccfa4b) Importer(815301076,1909f56bfc062723c751e8b465ee728b)  -> (artifact id: '502e0ff1c0561940e7272909eb008094') in 0.033348 seconds 
========================================================================
Received Import Request.
  Time since last request: 0.000019 seconds.
  path: Assets/Resources/Meshes/06.obj
  artifactKey: Guid(baf3a22753b32c44fa057e03200be324) Importer(815301076,1909f56bfc062723c751e8b465ee728b)
Start importing Assets/Resources/Meshes/06.obj using Guid(baf3a22753b32c44fa057e03200be324) Importer(815301076,1909f56bfc062723c751e8b465ee728b)  -> (artifact id: '284a281fde7c08e9eed56b94dbe8e396') in 0.031178 seconds 
========================================================================
Received Import Request.
  Time since last request: 0.000031 seconds.
  path: Assets/Resources/Meshes/07.obj
  artifactKey: Guid(fcad6810023f4934db82e4f728a974ce) Importer(815301076,1909f56bfc062723c751e8b465ee728b)
Start importing Assets/Resources/Meshes/07.obj using Guid(fcad6810023f4934db82e4f728a974ce) Importer(815301076,1909f56bfc062723c751e8b465ee728b)  -> (artifact id: '9546bee91c39057e4c332f64468ec70d') in 0.029137 seconds 
========================================================================
Received Import Request.
  Time since last request: 9.614054 seconds.
  path: Assets/Resources/Meshes/08.obj
  artifactKey: Guid(44587eb45c66bfc42b4b8aa4903036ab) Importer(815301076,1909f56bfc062723c751e8b465ee728b)
Start importing Assets/Resources/Meshes/08.obj using Guid(44587eb45c66bfc42b4b8aa4903036ab) Importer(815301076,1909f56bfc062723c751e8b465ee728b)  -> (artifact id: 'cf7e807c4f59e716484e397763ca60d9') in 0.030065 seconds 
========================================================================
Received Import Request.
  Time since last request: 0.000056 seconds.
  path: Assets/Resources/Meshes/04.obj
  artifactKey: Guid(eb9c9dad2d0f277448cd0a6a29d28ccc) Importer(815301076,1909f56bfc062723c751e8b465ee728b)
Start importing Assets/Resources/Meshes/04.obj using Guid(eb9c9dad2d0f277448cd0a6a29d28ccc) Importer(815301076,1909f56bfc062723c751e8b465ee728b)  -> (artifact id: 'ecccc8c6e2b1b75a0dc3e545dd63a089') in 0.035420 seconds 
========================================================================
Received Import Request.
  Time since last request: 0.000028 seconds.
  path: Assets/Resources/Meshes/03.obj
  artifactKey: Guid(0efcac7816af5104c80ba6ee728b7ac7) Importer(815301076,1909f56bfc062723c751e8b465ee728b)
Start importing Assets/Resources/Meshes/03.obj using Guid(0efcac7816af5104c80ba6ee728b7ac7) Importer(815301076,1909f56bfc062723c751e8b465ee728b)  -> (artifact id: 'a6ce1d601c3ddb33be368b4c02823a47') in 0.033921 seconds 
========================================================================
Received Import Request.
  Time since last request: 25.732457 seconds.
  path: Assets/Resources/Prefabs/Parts
  artifactKey: Guid(c05e47be557a2f04e8122852602d9329) Importer(815301076,1909f56bfc062723c751e8b465ee728b)
Start importing Assets/Resources/Prefabs/Parts using Guid(c05e47be557a2f04e8122852602d9329) Importer(815301076,1909f56bfc062723c751e8b465ee728b)  -> (artifact id: '96c8f5e7ce2e3f394b05db824ec0db84') in 0.007257 seconds 
========================================================================
Received Import Request.
  Time since last request: 0.057338 seconds.
  path: Assets/Resources/Prefabs/Parts/Part.prefab
  artifactKey: Guid(8ef99dedf37941b42be1b4974c4a0aae) Importer(815301076,1909f56bfc062723c751e8b465ee728b)
Start importing Assets/Resources/Prefabs/Parts/Part.prefab using Guid(8ef99dedf37941b42be1b4974c4a0aae) Importer(815301076,1909f56bfc062723c751e8b465ee728b)  -> (artifact id: 'edda128537f3bb1163ec5c5d89ab9f0b') in 0.113832 seconds 
========================================================================
Received Import Request.
  Time since last request: 20.973554 seconds.
  path: Assets/Resources/Prefabs/Parts/01P.prefab
  artifactKey: Guid(a6b7f13d53987c941ab606e36f25a049) Importer(815301076,1909f56bfc062723c751e8b465ee728b)
Start importing Assets/Resources/Prefabs/Parts/01P.prefab using Guid(a6b7f13d53987c941ab606e36f25a049) Importer(815301076,1909f56bfc062723c751e8b465ee728b)  -> (artifact id: 'e36478288886986b7f7cdcbf81319963') in 0.015397 seconds 
========================================================================
Received Import Request.
  Time since last request: 18.562023 seconds.
  path: Assets/Resources/Prefabs/Parts/02P.prefab
  artifactKey: Guid(2fdb09f083d75b345b6fa0d413fa3cfa) Importer(815301076,1909f56bfc062723c751e8b465ee728b)
Start importing Assets/Resources/Prefabs/Parts/02P.prefab using Guid(2fdb09f083d75b345b6fa0d413fa3cfa) Importer(815301076,1909f56bfc062723c751e8b465ee728b)  -> (artifact id: '3fe31d65e34a03e325011fa649056290') in 0.014496 seconds 
========================================================================
Received Import Request.
  Time since last request: 15.393771 seconds.
  path: Assets/Resources/Prefabs/Parts/03P.prefab
  artifactKey: Guid(adc55318ba5988b4197125422405fba4) Importer(815301076,1909f56bfc062723c751e8b465ee728b)
Start importing Assets/Resources/Prefabs/Parts/03P.prefab using Guid(adc55318ba5988b4197125422405fba4) Importer(815301076,1909f56bfc062723c751e8b465ee728b)  -> (artifact id: '0387e1c93d584dcfb381a92834ba85dc') in 0.013680 seconds 
========================================================================
Received Import Request.
  Time since last request: 15.877190 seconds.
  path: Assets/Resources/Prefabs/Parts/04P.prefab
  artifactKey: Guid(d818ecbd8c1ce7e40a13528078ed3274) Importer(815301076,1909f56bfc062723c751e8b465ee728b)
Start importing Assets/Resources/Prefabs/Parts/04P.prefab using Guid(d818ecbd8c1ce7e40a13528078ed3274) Importer(815301076,1909f56bfc062723c751e8b465ee728b)  -> (artifact id: 'be8d4fa99bbea36c454477c3029b0c93') in 0.013703 seconds 
========================================================================
Received Import Request.
  Time since last request: 14.422066 seconds.
  path: Assets/Resources/Prefabs/Parts/05P.prefab
  artifactKey: Guid(cfbfa4ae397957c4a9ee026480d3a170) Importer(815301076,1909f56bfc062723c751e8b465ee728b)
Start importing Assets/Resources/Prefabs/Parts/05P.prefab using Guid(cfbfa4ae397957c4a9ee026480d3a170) Importer(815301076,1909f56bfc062723c751e8b465ee728b)  -> (artifact id: '40ed3d43820e1ce84affc4d40067a6b4') in 0.013524 seconds 
========================================================================
Received Import Request.
  Time since last request: 15.323057 seconds.
  path: Assets/Resources/Prefabs/Parts/06P.prefab
  artifactKey: Guid(7778c3924d9ae52488a2b5d4901983f3) Importer(815301076,1909f56bfc062723c751e8b465ee728b)
Start importing Assets/Resources/Prefabs/Parts/06P.prefab using Guid(7778c3924d9ae52488a2b5d4901983f3) Importer(815301076,1909f56bfc062723c751e8b465ee728b)  -> (artifact id: '8994592bdda73f3fc1efef938a0ed31d') in 0.014399 seconds 
========================================================================
Received Import Request.
  Time since last request: 15.895431 seconds.
  path: Assets/Resources/Prefabs/Parts/07P.prefab
  artifactKey: Guid(96170ab72efa24141932f7c068a744d0) Importer(815301076,1909f56bfc062723c751e8b465ee728b)
Start importing Assets/Resources/Prefabs/Parts/07P.prefab using Guid(96170ab72efa24141932f7c068a744d0) Importer(815301076,1909f56bfc062723c751e8b465ee728b)  -> (artifact id: 'bc2f6f09d0e536bb7b00478b084c860e') in 0.014886 seconds 
========================================================================
Received Import Request.
  Time since last request: 16.930879 seconds.
  path: Assets/Resources/Prefabs/Parts/08P.prefab
  artifactKey: Guid(ca20572d54b89c54082c8e09d623bcbf) Importer(815301076,1909f56bfc062723c751e8b465ee728b)
Start importing Assets/Resources/Prefabs/Parts/08P.prefab using Guid(ca20572d54b89c54082c8e09d623bcbf) Importer(815301076,1909f56bfc062723c751e8b465ee728b)  -> (artifact id: 'd512e0542d27b991118c27eb590f9d21') in 0.013557 seconds 
========================================================================
Received Import Request.
  Time since last request: 25.827689 seconds.
  path: Assets/Scenes
  artifactKey: Guid(6ea315d0fd7389c41b19996891e99ae3) Importer(815301076,1909f56bfc062723c751e8b465ee728b)
Start importing Assets/Scenes using Guid(6ea315d0fd7389c41b19996891e99ae3) Importer(815301076,1909f56bfc062723c751e8b465ee728b)  -> (artifact id: 'bc172811d573b296104adb4d2728db37') in 0.008977 seconds 
========================================================================
Received Import Request.
  Time since last request: 12.862963 seconds.
  path: Assets/Scenes/SampleScene.unity
  artifactKey: Guid(9fc0d4010bbf28b4594072e72b8655ab) Importer(815301076,1909f56bfc062723c751e8b465ee728b)
Start importing Assets/Scenes/SampleScene.unity using Guid(9fc0d4010bbf28b4594072e72b8655ab) Importer(815301076,1909f56bfc062723c751e8b465ee728b)  -> (artifact id: '20b31dd96a4a1eb7d7ca3a50070b07ed') in 0.006791 seconds 
========================================================================
Received Import Request.
  Time since last request: 22.771513 seconds.
  path: Assets/Scripts/Aggregator.cs
  artifactKey: Guid(7e40297b4c8bc1e49ae61a6f2faeaf4f) Importer(815301076,1909f56bfc062723c751e8b465ee728b)
Start importing Assets/Scripts/Aggregator.cs using Guid(7e40297b4c8bc1e49ae61a6f2faeaf4f) Importer(815301076,1909f56bfc062723c751e8b465ee728b)  -> (artifact id: '349c239f09ba47247655d9699964d006') in 0.009805 seconds 
========================================================================
Received Prepare
Registering precompiled user dll's ...
Registered in 0.004560 seconds.
Begin MonoManager ReloadAssembly
Symbol file LoadedFromMemory doesn't match image D:\UCL\Design\MidTerm\Unity\ConCreate_Aggregator\Library\PackageCache\com.unity.visualscripting@1.7.6\Editor\VisualScripting.Core\Dependencies\YamlDotNet\Unity.VisualScripting.YamlDotNet.dll
Symbol file LoadedFromMemory doesn't match image D:\UCL\Design\MidTerm\Unity\ConCreate_Aggregator\Library\PackageCache\com.unity.visualscripting@1.7.6\Editor\VisualScripting.Core\Dependencies\DotNetZip\Unity.VisualScripting.IonicZip.dll
Native extension for WindowsStandalone target not found
Refreshing native plugins compatible for Editor in 0.52 ms, found 3 plugins.
Preloading 0 native plugins for Editor in 0.00 ms.
Mono: successfully reloaded assembly
- Completed reload, in  1.206 seconds
Domain Reload Profiling:
	ReloadAssembly (1206ms)
		BeginReloadAssembly (159ms)
			ExecutionOrderSort (0ms)
			DisableScriptedObjects (5ms)
			BackupInstance (0ms)
			ReleaseScriptingObjects (0ms)
			CreateAndSetChildDomain (48ms)
		EndReloadAssembly (938ms)
			LoadAssemblies (78ms)
			RebuildTransferFunctionScriptingTraits (0ms)
			SetupTypeCache (372ms)
			ReleaseScriptCaches (2ms)
			RebuildScriptCaches (64ms)
			SetupLoadedEditorAssemblies (360ms)
				LogAssemblyErrors (0ms)
				InitializePlatformSupportModulesInManaged (14ms)
				SetLoadedEditorAssemblies (1ms)
				RefreshPlugins (1ms)
				BeforeProcessingInitializeOnLoad (67ms)
				ProcessInitializeOnLoadAttributes (248ms)
				ProcessInitializeOnLoadMethodAttributes (26ms)
				AfterProcessingInitializeOnLoad (4ms)
				EditorAssembliesLoaded (0ms)
			ExecutionOrderSort2 (0ms)
			AwakeInstancesAfterBackupRestoration (8ms)
Platform modules already initialized, skipping
Refreshing native plugins compatible for Editor in 0.60 ms, found 3 plugins.
Preloading 0 native plugins for Editor in 0.00 ms.
Unloading 3216 Unused Serialized files (Serialized files now loaded: 0)
Unloading 19 unused Assets / (24.6 KB). Loaded Objects now: 3729.
Memory consumption went from 116.7 MB to 116.6 MB.
Total: 3.845400 ms (FindLiveObjects: 0.288000 ms CreateObjectMapping: 0.262800 ms MarkObjects: 3.260900 ms  DeleteObjects: 0.032700 ms)

AssetImportParameters requested are different than current active one (requested -> active):
  custom:video-decoder-ogg-theora: a1e56fd34408186e4bbccfd4996cb3dc -> 
  custom:container-muxer-webm: aa71ff27fc2769a1b78a27578f13a17b -> 
  custom:container-demuxer-webm: 4f35f7cbe854078d1ac9338744f61a02 -> 
  custom:video-encoder-webm-vp8: eb34c28f22e8b96e1ab97ce403110664 -> 
  custom:audio-encoder-webm-vorbis: bf7c407c2cedff20999df2af8eb42d56 -> 
  custom:framework-win-MediaFoundation: 216162199b28c13a410421893ffa2e32 -> 
  custom:container-demuxer-ogg: 62fdf1f143b41e24485cea50d1cbac27 -> 
  custom:video-decoder-webm-vp8: 9c59270c3fd7afecdb556c50c9e8de78 -> 
  custom:audio-decoder-ogg-vorbis: bf7c407c2cedff20999df2af8eb42d56 -> 
========================================================================
Received Import Request.
  Time since last request: 537.513826 seconds.
  path: Assets/Resources/Prefabs/Parts/01P.prefab
  artifactKey: Guid(a6b7f13d53987c941ab606e36f25a049) Importer(815301076,1909f56bfc062723c751e8b465ee728b)
Start importing Assets/Resources/Prefabs/Parts/01P.prefab using Guid(a6b7f13d53987c941ab606e36f25a049) Importer(815301076,1909f56bfc062723c751e8b465ee728b)  -> (artifact id: '181a80490068b6c31a51bc6d1c7268a2') in 0.082353 seconds 
========================================================================
Received Import Request.
  Time since last request: 3.204857 seconds.
  path: Assets/Resources/Prefabs/Parts/01P.prefab
  artifactKey: Guid(a6b7f13d53987c941ab606e36f25a049) Importer(815301076,1909f56bfc062723c751e8b465ee728b)
Start importing Assets/Resources/Prefabs/Parts/01P.prefab using Guid(a6b7f13d53987c941ab606e36f25a049) Importer(815301076,1909f56bfc062723c751e8b465ee728b)  -> (artifact id: '1ca2ffd4108b648ef76b339992c89f7e') in 0.013388 seconds 
========================================================================
Received Import Request.
  Time since last request: 4.017533 seconds.
  path: Assets/Resources/Prefabs/Parts/01P.prefab
  artifactKey: Guid(a6b7f13d53987c941ab606e36f25a049) Importer(815301076,1909f56bfc062723c751e8b465ee728b)
Start importing Assets/Resources/Prefabs/Parts/01P.prefab using Guid(a6b7f13d53987c941ab606e36f25a049) Importer(815301076,1909f56bfc062723c751e8b465ee728b)  -> (artifact id: 'bc55dce4a98c1df07b815126916d7953') in 0.013351 seconds 
========================================================================
Received Import Request.
  Time since last request: 9.049316 seconds.
  path: Assets/Resources/Prefabs/Parts/01P.prefab
  artifactKey: Guid(a6b7f13d53987c941ab606e36f25a049) Importer(815301076,1909f56bfc062723c751e8b465ee728b)
Start importing Assets/Resources/Prefabs/Parts/01P.prefab using Guid(a6b7f13d53987c941ab606e36f25a049) Importer(815301076,1909f56bfc062723c751e8b465ee728b)  -> (artifact id: '7fe379950ea44de0b7e6c2a86fea2370') in 0.013743 seconds 
========================================================================
Received Import Request.
  Time since last request: 10.092428 seconds.
  path: Assets/Resources/Prefabs/Parts/01P.prefab
  artifactKey: Guid(a6b7f13d53987c941ab606e36f25a049) Importer(815301076,1909f56bfc062723c751e8b465ee728b)
Start importing Assets/Resources/Prefabs/Parts/01P.prefab using Guid(a6b7f13d53987c941ab606e36f25a049) Importer(815301076,1909f56bfc062723c751e8b465ee728b)  -> (artifact id: '40cb7996625aa9d21380f65a3459c44e') in 0.014688 seconds 
========================================================================
Received Import Request.
  Time since last request: 3.409220 seconds.
  path: Assets/Resources/Prefabs/Parts/01P.prefab
  artifactKey: Guid(a6b7f13d53987c941ab606e36f25a049) Importer(815301076,1909f56bfc062723c751e8b465ee728b)
Start importing Assets/Resources/Prefabs/Parts/01P.prefab using Guid(a6b7f13d53987c941ab606e36f25a049) Importer(815301076,1909f56bfc062723c751e8b465ee728b)  -> (artifact id: 'bda77b7976d0b436e1c8f63750b29070') in 0.013175 seconds 
========================================================================
Received Import Request.
  Time since last request: 3.610138 seconds.
  path: Assets/Resources/Prefabs/Parts/01P.prefab
  artifactKey: Guid(a6b7f13d53987c941ab606e36f25a049) Importer(815301076,1909f56bfc062723c751e8b465ee728b)
Start importing Assets/Resources/Prefabs/Parts/01P.prefab using Guid(a6b7f13d53987c941ab606e36f25a049) Importer(815301076,1909f56bfc062723c751e8b465ee728b)  -> (artifact id: 'd98867c5818bb0f91893ab42233a4fcf') in 0.012544 seconds 
========================================================================
Received Import Request.
  Time since last request: 8.050587 seconds.
  path: Assets/Resources/Prefabs/Parts/01P.prefab
  artifactKey: Guid(a6b7f13d53987c941ab606e36f25a049) Importer(815301076,1909f56bfc062723c751e8b465ee728b)
Start importing Assets/Resources/Prefabs/Parts/01P.prefab using Guid(a6b7f13d53987c941ab606e36f25a049) Importer(815301076,1909f56bfc062723c751e8b465ee728b)  -> (artifact id: '740a286b1f3b1c18fbd4f3489dcc571f') in 0.014041 seconds 
========================================================================
Received Import Request.
  Time since last request: 8.235138 seconds.
  path: Assets/Resources/Prefabs/Parts/01P.prefab
  artifactKey: Guid(a6b7f13d53987c941ab606e36f25a049) Importer(815301076,1909f56bfc062723c751e8b465ee728b)
Start importing Assets/Resources/Prefabs/Parts/01P.prefab using Guid(a6b7f13d53987c941ab606e36f25a049) Importer(815301076,1909f56bfc062723c751e8b465ee728b)  -> (artifact id: '4dfe2a1cdad265e1d1a75936a880f073') in 0.013921 seconds 
========================================================================
Received Import Request.
  Time since last request: 3.595646 seconds.
  path: Assets/Resources/Prefabs/Parts/01P.prefab
  artifactKey: Guid(a6b7f13d53987c941ab606e36f25a049) Importer(815301076,1909f56bfc062723c751e8b465ee728b)
Start importing Assets/Resources/Prefabs/Parts/01P.prefab using Guid(a6b7f13d53987c941ab606e36f25a049) Importer(815301076,1909f56bfc062723c751e8b465ee728b)  -> (artifact id: 'b4e6ef5e382f79bdc7265c2eb98b9e1a') in 0.013932 seconds 
========================================================================
Received Import Request.
  Time since last request: 21.797190 seconds.
  path: Assets/Resources/Prefabs/Parts/01P.prefab
  artifactKey: Guid(a6b7f13d53987c941ab606e36f25a049) Importer(815301076,1909f56bfc062723c751e8b465ee728b)
Start importing Assets/Resources/Prefabs/Parts/01P.prefab using Guid(a6b7f13d53987c941ab606e36f25a049) Importer(815301076,1909f56bfc062723c751e8b465ee728b)  -> (artifact id: '6815981cd246a720a160a84d1d60cb0d') in 0.011024 seconds 
========================================================================
Received Import Request.
  Time since last request: 6.447988 seconds.
  path: Assets/Resources/Prefabs/Parts/01P.prefab
  artifactKey: Guid(a6b7f13d53987c941ab606e36f25a049) Importer(815301076,1909f56bfc062723c751e8b465ee728b)
Start importing Assets/Resources/Prefabs/Parts/01P.prefab using Guid(a6b7f13d53987c941ab606e36f25a049) Importer(815301076,1909f56bfc062723c751e8b465ee728b)  -> (artifact id: '931765a037b634f8e37a155fe2d5c9fc') in 0.014769 seconds 
========================================================================
Received Import Request.
  Time since last request: 28.802934 seconds.
  path: Assets/Resources/Prefabs/Parts/01P.prefab
  artifactKey: Guid(a6b7f13d53987c941ab606e36f25a049) Importer(815301076,1909f56bfc062723c751e8b465ee728b)
Start importing Assets/Resources/Prefabs/Parts/01P.prefab using Guid(a6b7f13d53987c941ab606e36f25a049) Importer(815301076,1909f56bfc062723c751e8b465ee728b)  -> (artifact id: '61b7ecba589c965f7eb3e682c900a131') in 0.014287 seconds 
========================================================================
Received Import Request.
  Time since last request: 12.688390 seconds.
  path: Assets/Resources/Prefabs/Parts/01P.prefab
  artifactKey: Guid(a6b7f13d53987c941ab606e36f25a049) Importer(815301076,1909f56bfc062723c751e8b465ee728b)
Start importing Assets/Resources/Prefabs/Parts/01P.prefab using Guid(a6b7f13d53987c941ab606e36f25a049) Importer(815301076,1909f56bfc062723c751e8b465ee728b)  -> (artifact id: '50c7e77b0396746b3f09c4e936a99279') in 0.013604 seconds 
========================================================================
Received Import Request.
  Time since last request: 6.020917 seconds.
  path: Assets/Resources/Prefabs/Parts/01P.prefab
  artifactKey: Guid(a6b7f13d53987c941ab606e36f25a049) Importer(815301076,1909f56bfc062723c751e8b465ee728b)
Start importing Assets/Resources/Prefabs/Parts/01P.prefab using Guid(a6b7f13d53987c941ab606e36f25a049) Importer(815301076,1909f56bfc062723c751e8b465ee728b)  -> (artifact id: 'a0f627504bb7e2f61d9c2cab7b7c8a18') in 0.013728 seconds 
========================================================================
Received Import Request.
  Time since last request: 4.029986 seconds.
  path: Assets/Resources/Prefabs/Parts/01P.prefab
  artifactKey: Guid(a6b7f13d53987c941ab606e36f25a049) Importer(815301076,1909f56bfc062723c751e8b465ee728b)
Start importing Assets/Resources/Prefabs/Parts/01P.prefab using Guid(a6b7f13d53987c941ab606e36f25a049) Importer(815301076,1909f56bfc062723c751e8b465ee728b)  -> (artifact id: '4c9c5baf826a671729b271859506c407') in 0.013276 seconds 
========================================================================
Received Import Request.
  Time since last request: 8.249696 seconds.
  path: Assets/Resources/Prefabs/Parts/01P.prefab
  artifactKey: Guid(a6b7f13d53987c941ab606e36f25a049) Importer(815301076,1909f56bfc062723c751e8b465ee728b)
Start importing Assets/Resources/Prefabs/Parts/01P.prefab using Guid(a6b7f13d53987c941ab606e36f25a049) Importer(815301076,1909f56bfc062723c751e8b465ee728b)  -> (artifact id: '0aeaa92b7418c37f25d01c0d2dbbfb83') in 0.013941 seconds 
========================================================================
Received Import Request.
  Time since last request: 54.363003 seconds.
  path: Assets/Resources/Materials
  artifactKey: Guid(d0b05bd39dc236c4ab9ba5c51ca3eb43) Importer(815301076,1909f56bfc062723c751e8b465ee728b)
Start importing Assets/Resources/Materials using Guid(d0b05bd39dc236c4ab9ba5c51ca3eb43) Importer(815301076,1909f56bfc062723c751e8b465ee728b)  -> (artifact id: 'a50e4251aa7b2ba7e2d2923b3e5674a5') in 0.006953 seconds 
========================================================================
Received Import Request.
  Time since last request: 53.795378 seconds.
  path: Assets/Resources/Materials/Parts.mat
  artifactKey: Guid(657e9f8463d4edc4f88ddf272d68e4a4) Importer(815301076,1909f56bfc062723c751e8b465ee728b)
Start importing Assets/Resources/Materials/Parts.mat using Guid(657e9f8463d4edc4f88ddf272d68e4a4) Importer(815301076,1909f56bfc062723c751e8b465ee728b)  -> (artifact id: 'edd32cc5f75830e27e7a10fb3100ddb3') in 0.041878 seconds 
========================================================================
Received Import Request.
  Time since last request: 291.115218 seconds.
  path: Assets/Resources/Prefabs/Parts/01P.prefab
  artifactKey: Guid(a6b7f13d53987c941ab606e36f25a049) Importer(815301076,1909f56bfc062723c751e8b465ee728b)
Start importing Assets/Resources/Prefabs/Parts/01P.prefab using Guid(a6b7f13d53987c941ab606e36f25a049) Importer(815301076,1909f56bfc062723c751e8b465ee728b)  -> (artifact id: '3b9f4e628a6cffa9984532d153f7636a') in 0.014247 seconds 
========================================================================
Received Import Request.
  Time since last request: 4.041222 seconds.
  path: Assets/Resources/Prefabs/Parts/02P.prefab
  artifactKey: Guid(2fdb09f083d75b345b6fa0d413fa3cfa) Importer(815301076,1909f56bfc062723c751e8b465ee728b)
Start importing Assets/Resources/Prefabs/Parts/02P.prefab using Guid(2fdb09f083d75b345b6fa0d413fa3cfa) Importer(815301076,1909f56bfc062723c751e8b465ee728b)  -> (artifact id: '11ec0a0b19c202da8c497273780a3076') in 0.013697 seconds 
========================================================================
Received Import Request.
  Time since last request: 2.989699 seconds.
  path: Assets/Resources/Prefabs/Parts/02P.prefab
  artifactKey: Guid(2fdb09f083d75b345b6fa0d413fa3cfa) Importer(815301076,1909f56bfc062723c751e8b465ee728b)
Start importing Assets/Resources/Prefabs/Parts/02P.prefab using Guid(2fdb09f083d75b345b6fa0d413fa3cfa) Importer(815301076,1909f56bfc062723c751e8b465ee728b)  -> (artifact id: 'ac868e4ec5f7593caa126184a91dae07') in 0.013149 seconds 
========================================================================
Received Import Request.
  Time since last request: 6.427979 seconds.
  path: Assets/Resources/Prefabs/Parts/02P.prefab
  artifactKey: Guid(2fdb09f083d75b345b6fa0d413fa3cfa) Importer(815301076,1909f56bfc062723c751e8b465ee728b)
Start importing Assets/Resources/Prefabs/Parts/02P.prefab using Guid(2fdb09f083d75b345b6fa0d413fa3cfa) Importer(815301076,1909f56bfc062723c751e8b465ee728b)  -> (artifact id: 'c01cf783307d7ffd78ea27da24304dca') in 0.014921 seconds 
========================================================================
Received Import Request.
  Time since last request: 3.605139 seconds.
  path: Assets/Resources/Prefabs/Parts/02P.prefab
  artifactKey: Guid(2fdb09f083d75b345b6fa0d413fa3cfa) Importer(815301076,1909f56bfc062723c751e8b465ee728b)
Start importing Assets/Resources/Prefabs/Parts/02P.prefab using Guid(2fdb09f083d75b345b6fa0d413fa3cfa) Importer(815301076,1909f56bfc062723c751e8b465ee728b)  -> (artifact id: '97bca174b7b1a62aaf0adbca0d7f87ff') in 0.012642 seconds 
========================================================================
Received Import Request.
  Time since last request: 1.593564 seconds.
  path: Assets/Resources/Prefabs/Parts/02P.prefab
  artifactKey: Guid(2fdb09f083d75b345b6fa0d413fa3cfa) Importer(815301076,1909f56bfc062723c751e8b465ee728b)
Start importing Assets/Resources/Prefabs/Parts/02P.prefab using Guid(2fdb09f083d75b345b6fa0d413fa3cfa) Importer(815301076,1909f56bfc062723c751e8b465ee728b)  -> (artifact id: '3eaeec1ecbbd57ab70aab2206e87d01f') in 0.014362 seconds 
========================================================================
Received Import Request.
  Time since last request: 7.692736 seconds.
  path: Assets/Resources/Prefabs/Parts/02P.prefab
  artifactKey: Guid(2fdb09f083d75b345b6fa0d413fa3cfa) Importer(815301076,1909f56bfc062723c751e8b465ee728b)
Start importing Assets/Resources/Prefabs/Parts/02P.prefab using Guid(2fdb09f083d75b345b6fa0d413fa3cfa) Importer(815301076,1909f56bfc062723c751e8b465ee728b)  -> (artifact id: '09b7e582e4a45e77436a980227af15b6') in 0.015734 seconds 
========================================================================
Received Import Request.
  Time since last request: 3.003748 seconds.
  path: Assets/Resources/Prefabs/Parts/02P.prefab
  artifactKey: Guid(2fdb09f083d75b345b6fa0d413fa3cfa) Importer(815301076,1909f56bfc062723c751e8b465ee728b)
Start importing Assets/Resources/Prefabs/Parts/02P.prefab using Guid(2fdb09f083d75b345b6fa0d413fa3cfa) Importer(815301076,1909f56bfc062723c751e8b465ee728b)  -> (artifact id: 'd63f5ce1b837764a802c27ee52b04ad1') in 0.014288 seconds 
========================================================================
Received Import Request.
  Time since last request: 14.495315 seconds.
  path: Assets/Resources/Prefabs/Parts/02P.prefab
  artifactKey: Guid(2fdb09f083d75b345b6fa0d413fa3cfa) Importer(815301076,1909f56bfc062723c751e8b465ee728b)
Start importing Assets/Resources/Prefabs/Parts/02P.prefab using Guid(2fdb09f083d75b345b6fa0d413fa3cfa) Importer(815301076,1909f56bfc062723c751e8b465ee728b)  -> (artifact id: 'e5b2aa98590c720fc038dabba1ff2db2') in 0.031449 seconds 
========================================================================
Received Import Request.
  Time since last request: 9.039033 seconds.
  path: Assets/Resources/Prefabs/Parts/02P.prefab
  artifactKey: Guid(2fdb09f083d75b345b6fa0d413fa3cfa) Importer(815301076,1909f56bfc062723c751e8b465ee728b)
Start importing Assets/Resources/Prefabs/Parts/02P.prefab using Guid(2fdb09f083d75b345b6fa0d413fa3cfa) Importer(815301076,1909f56bfc062723c751e8b465ee728b)  -> (artifact id: '64a3c66694297cd6fd8a60cf133bd1e2') in 0.011700 seconds 
========================================================================
Received Import Request.
  Time since last request: 1.997822 seconds.
  path: Assets/Resources/Prefabs/Parts/02P.prefab
  artifactKey: Guid(2fdb09f083d75b345b6fa0d413fa3cfa) Importer(815301076,1909f56bfc062723c751e8b465ee728b)
Start importing Assets/Resources/Prefabs/Parts/02P.prefab using Guid(2fdb09f083d75b345b6fa0d413fa3cfa) Importer(815301076,1909f56bfc062723c751e8b465ee728b)  -> (artifact id: '83f95026accac270f3ae01ea73cdcfe0') in 0.013740 seconds 
========================================================================
Received Import Request.
  Time since last request: 14.303205 seconds.
  path: Assets/Resources/Prefabs/Parts/02P.prefab
  artifactKey: Guid(2fdb09f083d75b345b6fa0d413fa3cfa) Importer(815301076,1909f56bfc062723c751e8b465ee728b)
Start importing Assets/Resources/Prefabs/Parts/02P.prefab using Guid(2fdb09f083d75b345b6fa0d413fa3cfa) Importer(815301076,1909f56bfc062723c751e8b465ee728b)  -> (artifact id: '0aa635e696102637cb164b2835cae969') in 0.014023 seconds 
========================================================================
Received Import Request.
  Time since last request: 25.491694 seconds.
  path: Assets/Resources/Prefabs/Parts/02P.prefab
  artifactKey: Guid(2fdb09f083d75b345b6fa0d413fa3cfa) Importer(815301076,1909f56bfc062723c751e8b465ee728b)
Start importing Assets/Resources/Prefabs/Parts/02P.prefab using Guid(2fdb09f083d75b345b6fa0d413fa3cfa) Importer(815301076,1909f56bfc062723c751e8b465ee728b)  -> (artifact id: '407127501b1cfbfa0d8f44d071f7741f') in 0.012046 seconds 
========================================================================
Received Import Request.
  Time since last request: 80.406645 seconds.
  path: Assets/Resources/Prefabs/Parts/02P.prefab
  artifactKey: Guid(2fdb09f083d75b345b6fa0d413fa3cfa) Importer(815301076,1909f56bfc062723c751e8b465ee728b)
Start importing Assets/Resources/Prefabs/Parts/02P.prefab using Guid(2fdb09f083d75b345b6fa0d413fa3cfa) Importer(815301076,1909f56bfc062723c751e8b465ee728b)  -> (artifact id: '37d689e2308a5952c782d8833f8346fd') in 0.014024 seconds 
========================================================================
Received Import Request.
  Time since last request: 72.335137 seconds.
  path: Assets/Resources/Prefabs/Parts/02P.prefab
  artifactKey: Guid(2fdb09f083d75b345b6fa0d413fa3cfa) Importer(815301076,1909f56bfc062723c751e8b465ee728b)
Start importing Assets/Resources/Prefabs/Parts/02P.prefab using Guid(2fdb09f083d75b345b6fa0d413fa3cfa) Importer(815301076,1909f56bfc062723c751e8b465ee728b)  -> (artifact id: '06bc9cbf089695b5b48c2a85d4d64250') in 0.014626 seconds 
========================================================================
Received Import Request.
  Time since last request: 16.378118 seconds.
  path: Assets/Resources/Prefabs/Parts/02P.prefab
  artifactKey: Guid(2fdb09f083d75b345b6fa0d413fa3cfa) Importer(815301076,1909f56bfc062723c751e8b465ee728b)
Start importing Assets/Resources/Prefabs/Parts/02P.prefab using Guid(2fdb09f083d75b345b6fa0d413fa3cfa) Importer(815301076,1909f56bfc062723c751e8b465ee728b)  -> (artifact id: 'fe7839d59faaf78503277b66b791dfa0') in 0.013594 seconds 
========================================================================
Received Import Request.
  Time since last request: 6.425199 seconds.
  path: Assets/Resources/Prefabs/Parts/02P.prefab
  artifactKey: Guid(2fdb09f083d75b345b6fa0d413fa3cfa) Importer(815301076,1909f56bfc062723c751e8b465ee728b)
Start importing Assets/Resources/Prefabs/Parts/02P.prefab using Guid(2fdb09f083d75b345b6fa0d413fa3cfa) Importer(815301076,1909f56bfc062723c751e8b465ee728b)  -> (artifact id: '195bc9dfcce463c7b38f234163e30e9b') in 0.014098 seconds 
========================================================================
Received Import Request.
  Time since last request: 6.019928 seconds.
  path: Assets/Resources/Prefabs/Parts/02P.prefab
  artifactKey: Guid(2fdb09f083d75b345b6fa0d413fa3cfa) Importer(815301076,1909f56bfc062723c751e8b465ee728b)
Start importing Assets/Resources/Prefabs/Parts/02P.prefab using Guid(2fdb09f083d75b345b6fa0d413fa3cfa) Importer(815301076,1909f56bfc062723c751e8b465ee728b)  -> (artifact id: '3489b447a8110c1f23ca1e91f61d7689') in 0.023095 seconds 
========================================================================
Received Import Request.
  Time since last request: 8.053701 seconds.
  path: Assets/Resources/Prefabs/Parts/02P.prefab
  artifactKey: Guid(2fdb09f083d75b345b6fa0d413fa3cfa) Importer(815301076,1909f56bfc062723c751e8b465ee728b)
Start importing Assets/Resources/Prefabs/Parts/02P.prefab using Guid(2fdb09f083d75b345b6fa0d413fa3cfa) Importer(815301076,1909f56bfc062723c751e8b465ee728b)  -> (artifact id: 'ec25e7ac6a349b1895ea87d0402ab297') in 0.013621 seconds 
========================================================================
Received Import Request.
  Time since last request: 24.603910 seconds.
  path: Assets/Resources/Prefabs/Parts/03P.prefab
  artifactKey: Guid(adc55318ba5988b4197125422405fba4) Importer(815301076,1909f56bfc062723c751e8b465ee728b)
Start importing Assets/Resources/Prefabs/Parts/03P.prefab using Guid(adc55318ba5988b4197125422405fba4) Importer(815301076,1909f56bfc062723c751e8b465ee728b)  -> (artifact id: '3ecfb3caed9aa16b47f802eac67e917c') in 0.015335 seconds 
========================================================================
Received Import Request.
  Time since last request: 14.074163 seconds.
  path: Assets/Resources/Prefabs/Parts/03P.prefab
  artifactKey: Guid(adc55318ba5988b4197125422405fba4) Importer(815301076,1909f56bfc062723c751e8b465ee728b)
Start importing Assets/Resources/Prefabs/Parts/03P.prefab using Guid(adc55318ba5988b4197125422405fba4) Importer(815301076,1909f56bfc062723c751e8b465ee728b)  -> (artifact id: 'f835a36cdf723187465d0c2795790c64') in 0.015932 seconds 
========================================================================
Received Import Request.
  Time since last request: 7.239773 seconds.
  path: Assets/Resources/Prefabs/Parts/03P.prefab
  artifactKey: Guid(adc55318ba5988b4197125422405fba4) Importer(815301076,1909f56bfc062723c751e8b465ee728b)
Start importing Assets/Resources/Prefabs/Parts/03P.prefab using Guid(adc55318ba5988b4197125422405fba4) Importer(815301076,1909f56bfc062723c751e8b465ee728b)  -> (artifact id: '6994001950d2b26d337425db43df33d9') in 0.013049 seconds 
========================================================================
Received Import Request.
  Time since last request: 16.730790 seconds.
  path: Assets/Resources/Prefabs/Parts/03P.prefab
  artifactKey: Guid(adc55318ba5988b4197125422405fba4) Importer(815301076,1909f56bfc062723c751e8b465ee728b)
Start importing Assets/Resources/Prefabs/Parts/03P.prefab using Guid(adc55318ba5988b4197125422405fba4) Importer(815301076,1909f56bfc062723c751e8b465ee728b)  -> (artifact id: '87f33170d24c68d6ef16539a9a64e686') in 0.016044 seconds 
========================================================================
Received Import Request.
  Time since last request: 5.820538 seconds.
  path: Assets/Resources/Prefabs/Parts/03P.prefab
  artifactKey: Guid(adc55318ba5988b4197125422405fba4) Importer(815301076,1909f56bfc062723c751e8b465ee728b)
Start importing Assets/Resources/Prefabs/Parts/03P.prefab using Guid(adc55318ba5988b4197125422405fba4) Importer(815301076,1909f56bfc062723c751e8b465ee728b)  -> (artifact id: '58a4882be6d8d3de6933247b19d3cd3e') in 0.013223 seconds 
========================================================================
Received Import Request.
  Time since last request: 8.454924 seconds.
  path: Assets/Resources/Prefabs/Parts/04P.prefab
  artifactKey: Guid(d818ecbd8c1ce7e40a13528078ed3274) Importer(815301076,1909f56bfc062723c751e8b465ee728b)
Start importing Assets/Resources/Prefabs/Parts/04P.prefab using Guid(d818ecbd8c1ce7e40a13528078ed3274) Importer(815301076,1909f56bfc062723c751e8b465ee728b)  -> (artifact id: 'bbf4e0f887e383c0e7efd1d160a708c2') in 0.015226 seconds 
========================================================================
Received Import Request.
  Time since last request: 4.430873 seconds.
  path: Assets/Resources/Prefabs/Parts/04P.prefab
  artifactKey: Guid(d818ecbd8c1ce7e40a13528078ed3274) Importer(815301076,1909f56bfc062723c751e8b465ee728b)
Start importing Assets/Resources/Prefabs/Parts/04P.prefab using Guid(d818ecbd8c1ce7e40a13528078ed3274) Importer(815301076,1909f56bfc062723c751e8b465ee728b)  -> (artifact id: 'a593c955f11deb1b2818f080783bad06') in 0.013744 seconds 
========================================================================
Received Import Request.
  Time since last request: 2.600407 seconds.
  path: Assets/Resources/Prefabs/Parts/04P.prefab
  artifactKey: Guid(d818ecbd8c1ce7e40a13528078ed3274) Importer(815301076,1909f56bfc062723c751e8b465ee728b)
Start importing Assets/Resources/Prefabs/Parts/04P.prefab using Guid(d818ecbd8c1ce7e40a13528078ed3274) Importer(815301076,1909f56bfc062723c751e8b465ee728b)  -> (artifact id: 'cf904491660b9340262a85a9a5210d70') in 0.014821 seconds 
========================================================================
Received Import Request.
  Time since last request: 2.401912 seconds.
  path: Assets/Resources/Prefabs/Parts/04P.prefab
  artifactKey: Guid(d818ecbd8c1ce7e40a13528078ed3274) Importer(815301076,1909f56bfc062723c751e8b465ee728b)
Start importing Assets/Resources/Prefabs/Parts/04P.prefab using Guid(d818ecbd8c1ce7e40a13528078ed3274) Importer(815301076,1909f56bfc062723c751e8b465ee728b)  -> (artifact id: '8e99e388d298a5d7dbf2c2ce013a6cb0') in 0.014825 seconds 
========================================================================
Received Import Request.
  Time since last request: 4.487739 seconds.
  path: Assets/Resources/Prefabs/Parts/04P.prefab
  artifactKey: Guid(d818ecbd8c1ce7e40a13528078ed3274) Importer(815301076,1909f56bfc062723c751e8b465ee728b)
Start importing Assets/Resources/Prefabs/Parts/04P.prefab using Guid(d818ecbd8c1ce7e40a13528078ed3274) Importer(815301076,1909f56bfc062723c751e8b465ee728b)  -> (artifact id: 'ebe873462f32e89ce0d149b326eac61d') in 0.014569 seconds 
========================================================================
Received Import Request.
  Time since last request: 3.623886 seconds.
  path: Assets/Resources/Prefabs/Parts/04P.prefab
  artifactKey: Guid(d818ecbd8c1ce7e40a13528078ed3274) Importer(815301076,1909f56bfc062723c751e8b465ee728b)
Start importing Assets/Resources/Prefabs/Parts/04P.prefab using Guid(d818ecbd8c1ce7e40a13528078ed3274) Importer(815301076,1909f56bfc062723c751e8b465ee728b)  -> (artifact id: '71f3bde77b61707a019a8c38ab91efb9') in 0.015950 seconds 
========================================================================
Received Import Request.
  Time since last request: 28.357149 seconds.
  path: Assets/Resources/Prefabs/Parts/04P.prefab
  artifactKey: Guid(d818ecbd8c1ce7e40a13528078ed3274) Importer(815301076,1909f56bfc062723c751e8b465ee728b)
Start importing Assets/Resources/Prefabs/Parts/04P.prefab using Guid(d818ecbd8c1ce7e40a13528078ed3274) Importer(815301076,1909f56bfc062723c751e8b465ee728b)  -> (artifact id: '347f7ffb4bc51750541baef3d0ea1000') in 0.013782 seconds 
========================================================================
Received Import Request.
  Time since last request: 22.997307 seconds.
  path: Assets/Resources/Prefabs/Parts/04P.prefab
  artifactKey: Guid(d818ecbd8c1ce7e40a13528078ed3274) Importer(815301076,1909f56bfc062723c751e8b465ee728b)
Start importing Assets/Resources/Prefabs/Parts/04P.prefab using Guid(d818ecbd8c1ce7e40a13528078ed3274) Importer(815301076,1909f56bfc062723c751e8b465ee728b)  -> (artifact id: 'd19f960dc2b725e02f9a3daa4bc7b41f') in 0.015299 seconds 
========================================================================
Received Import Request.
  Time since last request: 4.814208 seconds.
  path: Assets/Resources/Prefabs/Parts/04P.prefab
  artifactKey: Guid(d818ecbd8c1ce7e40a13528078ed3274) Importer(815301076,1909f56bfc062723c751e8b465ee728b)
Start importing Assets/Resources/Prefabs/Parts/04P.prefab using Guid(d818ecbd8c1ce7e40a13528078ed3274) Importer(815301076,1909f56bfc062723c751e8b465ee728b)  -> (artifact id: 'f2bbd2b9fd118b8ad98b67c77011ceb3') in 0.013380 seconds 
========================================================================
Received Import Request.
  Time since last request: 3.820841 seconds.
  path: Assets/Resources/Prefabs/Parts/04P.prefab
  artifactKey: Guid(d818ecbd8c1ce7e40a13528078ed3274) Importer(815301076,1909f56bfc062723c751e8b465ee728b)
Start importing Assets/Resources/Prefabs/Parts/04P.prefab using Guid(d818ecbd8c1ce7e40a13528078ed3274) Importer(815301076,1909f56bfc062723c751e8b465ee728b)  -> (artifact id: '6058641ef26783afd7ef22fec4dc837d') in 0.015544 seconds 
========================================================================
Received Import Request.
  Time since last request: 7.632207 seconds.
  path: Assets/Resources/Prefabs/Parts/04P.prefab
  artifactKey: Guid(d818ecbd8c1ce7e40a13528078ed3274) Importer(815301076,1909f56bfc062723c751e8b465ee728b)
Start importing Assets/Resources/Prefabs/Parts/04P.prefab using Guid(d818ecbd8c1ce7e40a13528078ed3274) Importer(815301076,1909f56bfc062723c751e8b465ee728b)  -> (artifact id: '1915cefeabc43f2fe19fcd00bf2db7a0') in 0.013104 seconds 
========================================================================
Received Import Request.
  Time since last request: 7.846743 seconds.
  path: Assets/Resources/Prefabs/Parts/04P.prefab
  artifactKey: Guid(d818ecbd8c1ce7e40a13528078ed3274) Importer(815301076,1909f56bfc062723c751e8b465ee728b)
Start importing Assets/Resources/Prefabs/Parts/04P.prefab using Guid(d818ecbd8c1ce7e40a13528078ed3274) Importer(815301076,1909f56bfc062723c751e8b465ee728b)  -> (artifact id: '7a140300bbc22ded21345625752a05a1') in 0.014034 seconds 
========================================================================
Received Import Request.
  Time since last request: 3.029467 seconds.
  path: Assets/Resources/Prefabs/Parts/04P.prefab
  artifactKey: Guid(d818ecbd8c1ce7e40a13528078ed3274) Importer(815301076,1909f56bfc062723c751e8b465ee728b)
Start importing Assets/Resources/Prefabs/Parts/04P.prefab using Guid(d818ecbd8c1ce7e40a13528078ed3274) Importer(815301076,1909f56bfc062723c751e8b465ee728b)  -> (artifact id: '2ba6c3f6fe8e67c1a000764b30d80188') in 0.014521 seconds 
========================================================================
Received Import Request.
  Time since last request: 2.409151 seconds.
  path: Assets/Resources/Prefabs/Parts/04P.prefab
  artifactKey: Guid(d818ecbd8c1ce7e40a13528078ed3274) Importer(815301076,1909f56bfc062723c751e8b465ee728b)
Start importing Assets/Resources/Prefabs/Parts/04P.prefab using Guid(d818ecbd8c1ce7e40a13528078ed3274) Importer(815301076,1909f56bfc062723c751e8b465ee728b)  -> (artifact id: '4a4c08c351cefd82073a9438d3e13a27') in 0.013397 seconds 
========================================================================
Received Import Request.
  Time since last request: 3.416182 seconds.
  path: Assets/Resources/Prefabs/Parts/04P.prefab
  artifactKey: Guid(d818ecbd8c1ce7e40a13528078ed3274) Importer(815301076,1909f56bfc062723c751e8b465ee728b)
Start importing Assets/Resources/Prefabs/Parts/04P.prefab using Guid(d818ecbd8c1ce7e40a13528078ed3274) Importer(815301076,1909f56bfc062723c751e8b465ee728b)  -> (artifact id: '76566a2f931601227c00fb22dbc98058') in 0.016895 seconds 
========================================================================
Received Import Request.
  Time since last request: 9.455404 seconds.
  path: Assets/Resources/Prefabs/Parts/04P.prefab
  artifactKey: Guid(d818ecbd8c1ce7e40a13528078ed3274) Importer(815301076,1909f56bfc062723c751e8b465ee728b)
Start importing Assets/Resources/Prefabs/Parts/04P.prefab using Guid(d818ecbd8c1ce7e40a13528078ed3274) Importer(815301076,1909f56bfc062723c751e8b465ee728b)  -> (artifact id: '28062c55d40ef8dc5451a0ec50246828') in 0.013400 seconds 
========================================================================
Received Import Request.
  Time since last request: 0.985345 seconds.
  path: Assets/Resources/Prefabs/Parts/04P.prefab
  artifactKey: Guid(d818ecbd8c1ce7e40a13528078ed3274) Importer(815301076,1909f56bfc062723c751e8b465ee728b)
Start importing Assets/Resources/Prefabs/Parts/04P.prefab using Guid(d818ecbd8c1ce7e40a13528078ed3274) Importer(815301076,1909f56bfc062723c751e8b465ee728b)  -> (artifact id: '5a122fe3f12ed4d454279cf7f1bcb15c') in 0.013692 seconds 
========================================================================
Received Import Request.
  Time since last request: 21.377290 seconds.
  path: Assets/Resources/Prefabs/Parts/04P.prefab
  artifactKey: Guid(d818ecbd8c1ce7e40a13528078ed3274) Importer(815301076,1909f56bfc062723c751e8b465ee728b)
Start importing Assets/Resources/Prefabs/Parts/04P.prefab using Guid(d818ecbd8c1ce7e40a13528078ed3274) Importer(815301076,1909f56bfc062723c751e8b465ee728b)  -> (artifact id: '64b9fa7b001c972216faabcc11e0fcab') in 0.015851 seconds 
========================================================================
Received Import Request.
  Time since last request: 54.530448 seconds.
  path: Assets/Resources/Prefabs/Parts/04P.prefab
  artifactKey: Guid(d818ecbd8c1ce7e40a13528078ed3274) Importer(815301076,1909f56bfc062723c751e8b465ee728b)
Start importing Assets/Resources/Prefabs/Parts/04P.prefab using Guid(d818ecbd8c1ce7e40a13528078ed3274) Importer(815301076,1909f56bfc062723c751e8b465ee728b)  -> (artifact id: '190f0b197f819f5b0a8f95e4f6fc6968') in 0.014796 seconds 
========================================================================
Received Import Request.
  Time since last request: 5.239774 seconds.
  path: Assets/Resources/Prefabs/Parts/04P.prefab
  artifactKey: Guid(d818ecbd8c1ce7e40a13528078ed3274) Importer(815301076,1909f56bfc062723c751e8b465ee728b)
Start importing Assets/Resources/Prefabs/Parts/04P.prefab using Guid(d818ecbd8c1ce7e40a13528078ed3274) Importer(815301076,1909f56bfc062723c751e8b465ee728b)  -> (artifact id: '9a057799826733fabb2735822427a1c5') in 0.013811 seconds 
========================================================================
Received Import Request.
  Time since last request: 4.064183 seconds.
  path: Assets/Resources/Prefabs/Parts/04P.prefab
  artifactKey: Guid(d818ecbd8c1ce7e40a13528078ed3274) Importer(815301076,1909f56bfc062723c751e8b465ee728b)
Start importing Assets/Resources/Prefabs/Parts/04P.prefab using Guid(d818ecbd8c1ce7e40a13528078ed3274) Importer(815301076,1909f56bfc062723c751e8b465ee728b)  -> (artifact id: '3bb36a04711574d9f29bd6a477f2262a') in 0.015650 seconds 
========================================================================
Received Import Request.
  Time since last request: 9.048415 seconds.
  path: Assets/Resources/Prefabs/Parts/04P.prefab
  artifactKey: Guid(d818ecbd8c1ce7e40a13528078ed3274) Importer(815301076,1909f56bfc062723c751e8b465ee728b)
Start importing Assets/Resources/Prefabs/Parts/04P.prefab using Guid(d818ecbd8c1ce7e40a13528078ed3274) Importer(815301076,1909f56bfc062723c751e8b465ee728b)  -> (artifact id: '1b1510f5981c81f867e3e9d3f16b483d') in 0.014790 seconds 
========================================================================
Received Import Request.
  Time since last request: 5.613229 seconds.
  path: Assets/Resources/Prefabs/Parts/04P.prefab
  artifactKey: Guid(d818ecbd8c1ce7e40a13528078ed3274) Importer(815301076,1909f56bfc062723c751e8b465ee728b)
Start importing Assets/Resources/Prefabs/Parts/04P.prefab using Guid(d818ecbd8c1ce7e40a13528078ed3274) Importer(815301076,1909f56bfc062723c751e8b465ee728b)  -> (artifact id: '9fff3bb250a92d3837bd783edbbf0977') in 0.013927 seconds 
========================================================================
Received Import Request.
  Time since last request: 3.405874 seconds.
  path: Assets/Resources/Prefabs/Parts/04P.prefab
  artifactKey: Guid(d818ecbd8c1ce7e40a13528078ed3274) Importer(815301076,1909f56bfc062723c751e8b465ee728b)
Start importing Assets/Resources/Prefabs/Parts/04P.prefab using Guid(d818ecbd8c1ce7e40a13528078ed3274) Importer(815301076,1909f56bfc062723c751e8b465ee728b)  -> (artifact id: '8705db19351e95fe70e57d3cd2976bed') in 0.014962 seconds 
========================================================================
Received Import Request.
  Time since last request: 5.628460 seconds.
  path: Assets/Resources/Prefabs/Parts/04P.prefab
  artifactKey: Guid(d818ecbd8c1ce7e40a13528078ed3274) Importer(815301076,1909f56bfc062723c751e8b465ee728b)
Start importing Assets/Resources/Prefabs/Parts/04P.prefab using Guid(d818ecbd8c1ce7e40a13528078ed3274) Importer(815301076,1909f56bfc062723c751e8b465ee728b)  -> (artifact id: '09353219784b3cc4291893ae07a48cae') in 0.014364 seconds 
========================================================================
Received Import Request.
  Time since last request: 8.067170 seconds.
  path: Assets/Resources/Prefabs/Parts/04P.prefab
  artifactKey: Guid(d818ecbd8c1ce7e40a13528078ed3274) Importer(815301076,1909f56bfc062723c751e8b465ee728b)
Start importing Assets/Resources/Prefabs/Parts/04P.prefab using Guid(d818ecbd8c1ce7e40a13528078ed3274) Importer(815301076,1909f56bfc062723c751e8b465ee728b)  -> (artifact id: '294f9d48215a1d891065e06d2017fb4e') in 0.015131 seconds 
========================================================================
Received Import Request.
  Time since last request: 1.594876 seconds.
  path: Assets/Resources/Prefabs/Parts/04P.prefab
  artifactKey: Guid(d818ecbd8c1ce7e40a13528078ed3274) Importer(815301076,1909f56bfc062723c751e8b465ee728b)
Start importing Assets/Resources/Prefabs/Parts/04P.prefab using Guid(d818ecbd8c1ce7e40a13528078ed3274) Importer(815301076,1909f56bfc062723c751e8b465ee728b)  -> (artifact id: 'ddb162bac91081f342345656391a1bcc') in 0.013346 seconds 
========================================================================
Received Import Request.
  Time since last request: 30.692020 seconds.
  path: Assets/Resources/Prefabs/Parts/04P.prefab
  artifactKey: Guid(d818ecbd8c1ce7e40a13528078ed3274) Importer(815301076,1909f56bfc062723c751e8b465ee728b)
Start importing Assets/Resources/Prefabs/Parts/04P.prefab using Guid(d818ecbd8c1ce7e40a13528078ed3274) Importer(815301076,1909f56bfc062723c751e8b465ee728b)  -> (artifact id: '7975fca283cba278a7bd0b5c300c2966') in 0.016147 seconds 
========================================================================
Received Import Request.
  Time since last request: 36.391330 seconds.
  path: Assets/Resources/Prefabs/Parts/04P.prefab
  artifactKey: Guid(d818ecbd8c1ce7e40a13528078ed3274) Importer(815301076,1909f56bfc062723c751e8b465ee728b)
Start importing Assets/Resources/Prefabs/Parts/04P.prefab using Guid(d818ecbd8c1ce7e40a13528078ed3274) Importer(815301076,1909f56bfc062723c751e8b465ee728b)  -> (artifact id: 'a4f04b66005d115ae7ec4b2ddef91f32') in 0.016612 seconds 
========================================================================
Received Import Request.
  Time since last request: 2.807344 seconds.
  path: Assets/Resources/Prefabs/Parts/04P.prefab
  artifactKey: Guid(d818ecbd8c1ce7e40a13528078ed3274) Importer(815301076,1909f56bfc062723c751e8b465ee728b)
Start importing Assets/Resources/Prefabs/Parts/04P.prefab using Guid(d818ecbd8c1ce7e40a13528078ed3274) Importer(815301076,1909f56bfc062723c751e8b465ee728b)  -> (artifact id: '409fd9389233cc28994e27c2c635c792') in 0.014245 seconds 
========================================================================
Received Import Request.
  Time since last request: 0.988000 seconds.
  path: Assets/Resources/Prefabs/Parts/04P.prefab
  artifactKey: Guid(d818ecbd8c1ce7e40a13528078ed3274) Importer(815301076,1909f56bfc062723c751e8b465ee728b)
Start importing Assets/Resources/Prefabs/Parts/04P.prefab using Guid(d818ecbd8c1ce7e40a13528078ed3274) Importer(815301076,1909f56bfc062723c751e8b465ee728b)  -> (artifact id: 'cee965182d1e6f738f45be2ebf99fbac') in 0.013416 seconds 
========================================================================
Received Import Request.
  Time since last request: 3.203376 seconds.
  path: Assets/Resources/Prefabs/Parts/04P.prefab
  artifactKey: Guid(d818ecbd8c1ce7e40a13528078ed3274) Importer(815301076,1909f56bfc062723c751e8b465ee728b)
Start importing Assets/Resources/Prefabs/Parts/04P.prefab using Guid(d818ecbd8c1ce7e40a13528078ed3274) Importer(815301076,1909f56bfc062723c751e8b465ee728b)  -> (artifact id: '2576ab3c8c741281a5166fd6dc682737') in 0.013984 seconds 
========================================================================
Received Import Request.
  Time since last request: 1.787556 seconds.
  path: Assets/Resources/Prefabs/Parts/04P.prefab
  artifactKey: Guid(d818ecbd8c1ce7e40a13528078ed3274) Importer(815301076,1909f56bfc062723c751e8b465ee728b)
Start importing Assets/Resources/Prefabs/Parts/04P.prefab using Guid(d818ecbd8c1ce7e40a13528078ed3274) Importer(815301076,1909f56bfc062723c751e8b465ee728b)  -> (artifact id: '6f6ed5e1c4ce3d28f3463df072f47ad6') in 0.014767 seconds 
========================================================================
Received Import Request.
  Time since last request: 10.267316 seconds.
  path: Assets/Resources/Prefabs/Parts/04P.prefab
  artifactKey: Guid(d818ecbd8c1ce7e40a13528078ed3274) Importer(815301076,1909f56bfc062723c751e8b465ee728b)
Start importing Assets/Resources/Prefabs/Parts/04P.prefab using Guid(d818ecbd8c1ce7e40a13528078ed3274) Importer(815301076,1909f56bfc062723c751e8b465ee728b)  -> (artifact id: '184044ab479135d2bed0d676b22987b4') in 0.014932 seconds 
========================================================================
Received Import Request.
  Time since last request: 33.847344 seconds.
  path: Assets/Resources/Prefabs/Parts/05P.prefab
  artifactKey: Guid(cfbfa4ae397957c4a9ee026480d3a170) Importer(815301076,1909f56bfc062723c751e8b465ee728b)
Start importing Assets/Resources/Prefabs/Parts/05P.prefab using Guid(cfbfa4ae397957c4a9ee026480d3a170) Importer(815301076,1909f56bfc062723c751e8b465ee728b)  -> (artifact id: 'a4e142b71060b94e4912e7e2657afe33') in 0.015153 seconds 
========================================================================
Received Import Request.
  Time since last request: 4.011884 seconds.
  path: Assets/Resources/Prefabs/Parts/05P.prefab
  artifactKey: Guid(cfbfa4ae397957c4a9ee026480d3a170) Importer(815301076,1909f56bfc062723c751e8b465ee728b)
Start importing Assets/Resources/Prefabs/Parts/05P.prefab using Guid(cfbfa4ae397957c4a9ee026480d3a170) Importer(815301076,1909f56bfc062723c751e8b465ee728b)  -> (artifact id: 'ec9da4990166a38a2f998a1abeb92a22') in 0.014334 seconds 
========================================================================
Received Import Request.
  Time since last request: 5.868553 seconds.
  path: Assets/Resources/Prefabs/Parts/05P.prefab
  artifactKey: Guid(cfbfa4ae397957c4a9ee026480d3a170) Importer(815301076,1909f56bfc062723c751e8b465ee728b)
Start importing Assets/Resources/Prefabs/Parts/05P.prefab using Guid(cfbfa4ae397957c4a9ee026480d3a170) Importer(815301076,1909f56bfc062723c751e8b465ee728b)  -> (artifact id: '8d44a5dc1039f34d5ca6729d0c43b4b5') in 0.013186 seconds 
========================================================================
Received Import Request.
  Time since last request: 4.831126 seconds.
  path: Assets/Resources/Prefabs/Parts/05P.prefab
  artifactKey: Guid(cfbfa4ae397957c4a9ee026480d3a170) Importer(815301076,1909f56bfc062723c751e8b465ee728b)
Start importing Assets/Resources/Prefabs/Parts/05P.prefab using Guid(cfbfa4ae397957c4a9ee026480d3a170) Importer(815301076,1909f56bfc062723c751e8b465ee728b)  -> (artifact id: 'badd238b9956511c43455d7c4a534c0e') in 0.015602 seconds 
========================================================================
Received Import Request.
  Time since last request: 12.990148 seconds.
  path: Assets/Resources/Prefabs/Parts/05P.prefab
  artifactKey: Guid(cfbfa4ae397957c4a9ee026480d3a170) Importer(815301076,1909f56bfc062723c751e8b465ee728b)
Start importing Assets/Resources/Prefabs/Parts/05P.prefab using Guid(cfbfa4ae397957c4a9ee026480d3a170) Importer(815301076,1909f56bfc062723c751e8b465ee728b)  -> (artifact id: 'd758b5c427b9933399a6972c09c1dfe1') in 0.015784 seconds 
========================================================================
Received Import Request.
  Time since last request: 7.309805 seconds.
  path: Assets/Resources/Prefabs/Parts/05P.prefab
  artifactKey: Guid(cfbfa4ae397957c4a9ee026480d3a170) Importer(815301076,1909f56bfc062723c751e8b465ee728b)
Start importing Assets/Resources/Prefabs/Parts/05P.prefab using Guid(cfbfa4ae397957c4a9ee026480d3a170) Importer(815301076,1909f56bfc062723c751e8b465ee728b)  -> (artifact id: '26c7821ba2772c3f08c38c3e7b898ff0') in 0.014432 seconds 
========================================================================
Received Import Request.
  Time since last request: 2.604535 seconds.
  path: Assets/Resources/Prefabs/Parts/05P.prefab
  artifactKey: Guid(cfbfa4ae397957c4a9ee026480d3a170) Importer(815301076,1909f56bfc062723c751e8b465ee728b)
Start importing Assets/Resources/Prefabs/Parts/05P.prefab using Guid(cfbfa4ae397957c4a9ee026480d3a170) Importer(815301076,1909f56bfc062723c751e8b465ee728b)  -> (artifact id: 'ed15aeb05d3c10aa9dcec545575b998c') in 0.013432 seconds 
========================================================================
Received Import Request.
  Time since last request: 1.826593 seconds.
  path: Assets/Resources/Prefabs/Parts/05P.prefab
  artifactKey: Guid(cfbfa4ae397957c4a9ee026480d3a170) Importer(815301076,1909f56bfc062723c751e8b465ee728b)
Start importing Assets/Resources/Prefabs/Parts/05P.prefab using Guid(cfbfa4ae397957c4a9ee026480d3a170) Importer(815301076,1909f56bfc062723c751e8b465ee728b)  -> (artifact id: 'a18d8903a71e2acf8cd51732d15dfe4c') in 0.014793 seconds 
========================================================================
Received Import Request.
  Time since last request: 4.819672 seconds.
  path: Assets/Resources/Prefabs/Parts/05P.prefab
  artifactKey: Guid(cfbfa4ae397957c4a9ee026480d3a170) Importer(815301076,1909f56bfc062723c751e8b465ee728b)
Start importing Assets/Resources/Prefabs/Parts/05P.prefab using Guid(cfbfa4ae397957c4a9ee026480d3a170) Importer(815301076,1909f56bfc062723c751e8b465ee728b)  -> (artifact id: 'df0ac4e407204b3b0ee8ea1a6882faf0') in 0.013897 seconds 
========================================================================
Received Import Request.
  Time since last request: 14.532671 seconds.
  path: Assets/Resources/Prefabs/Parts/05P.prefab
  artifactKey: Guid(cfbfa4ae397957c4a9ee026480d3a170) Importer(815301076,1909f56bfc062723c751e8b465ee728b)
Start importing Assets/Resources/Prefabs/Parts/05P.prefab using Guid(cfbfa4ae397957c4a9ee026480d3a170) Importer(815301076,1909f56bfc062723c751e8b465ee728b)  -> (artifact id: '0026cc49fb544c09e1ffa48a20057f2c') in 0.012390 seconds 
========================================================================
Received Import Request.
  Time since last request: 1.392548 seconds.
  path: Assets/Resources/Prefabs/Parts/05P.prefab
  artifactKey: Guid(cfbfa4ae397957c4a9ee026480d3a170) Importer(815301076,1909f56bfc062723c751e8b465ee728b)
Start importing Assets/Resources/Prefabs/Parts/05P.prefab using Guid(cfbfa4ae397957c4a9ee026480d3a170) Importer(815301076,1909f56bfc062723c751e8b465ee728b)  -> (artifact id: 'd5590617d7a415c9ef47688c1545d8bb') in 0.014426 seconds 
========================================================================
Received Import Request.
  Time since last request: 5.413927 seconds.
  path: Assets/Resources/Prefabs/Parts/05P.prefab
  artifactKey: Guid(cfbfa4ae397957c4a9ee026480d3a170) Importer(815301076,1909f56bfc062723c751e8b465ee728b)
Start importing Assets/Resources/Prefabs/Parts/05P.prefab using Guid(cfbfa4ae397957c4a9ee026480d3a170) Importer(815301076,1909f56bfc062723c751e8b465ee728b)  -> (artifact id: 'be135b103558dafe8f4ed2dd41ab67d6') in 0.013396 seconds 
========================================================================
Received Import Request.
  Time since last request: 2.400720 seconds.
  path: Assets/Resources/Prefabs/Parts/05P.prefab
  artifactKey: Guid(cfbfa4ae397957c4a9ee026480d3a170) Importer(815301076,1909f56bfc062723c751e8b465ee728b)
Start importing Assets/Resources/Prefabs/Parts/05P.prefab using Guid(cfbfa4ae397957c4a9ee026480d3a170) Importer(815301076,1909f56bfc062723c751e8b465ee728b)  -> (artifact id: '56c717e7b189593385f5b9e81ac5c092') in 0.014912 seconds 
========================================================================
Received Import Request.
  Time since last request: 4.855370 seconds.
  path: Assets/Resources/Prefabs/Parts/05P.prefab
  artifactKey: Guid(cfbfa4ae397957c4a9ee026480d3a170) Importer(815301076,1909f56bfc062723c751e8b465ee728b)
Start importing Assets/Resources/Prefabs/Parts/05P.prefab using Guid(cfbfa4ae397957c4a9ee026480d3a170) Importer(815301076,1909f56bfc062723c751e8b465ee728b)  -> (artifact id: 'b4e553b50419c8c9fea60878164b1526') in 0.013675 seconds 
========================================================================
Received Import Request.
  Time since last request: 2.407514 seconds.
  path: Assets/Resources/Prefabs/Parts/05P.prefab
  artifactKey: Guid(cfbfa4ae397957c4a9ee026480d3a170) Importer(815301076,1909f56bfc062723c751e8b465ee728b)
Start importing Assets/Resources/Prefabs/Parts/05P.prefab using Guid(cfbfa4ae397957c4a9ee026480d3a170) Importer(815301076,1909f56bfc062723c751e8b465ee728b)  -> (artifact id: 'a6ab91c9643a1eeac4b0f70089a622da') in 0.013196 seconds 
========================================================================
Received Import Request.
  Time since last request: 13.334801 seconds.
  path: Assets/Resources/Prefabs/Parts/05P.prefab
  artifactKey: Guid(cfbfa4ae397957c4a9ee026480d3a170) Importer(815301076,1909f56bfc062723c751e8b465ee728b)
Start importing Assets/Resources/Prefabs/Parts/05P.prefab using Guid(cfbfa4ae397957c4a9ee026480d3a170) Importer(815301076,1909f56bfc062723c751e8b465ee728b)  -> (artifact id: 'b54316ce10cdcecc77e7d9b61645a07d') in 0.014939 seconds 
========================================================================
Received Import Request.
  Time since last request: 1.351763 seconds.
  path: Assets/Resources/Prefabs/Parts/05P.prefab
  artifactKey: Guid(cfbfa4ae397957c4a9ee026480d3a170) Importer(815301076,1909f56bfc062723c751e8b465ee728b)
Start importing Assets/Resources/Prefabs/Parts/05P.prefab using Guid(cfbfa4ae397957c4a9ee026480d3a170) Importer(815301076,1909f56bfc062723c751e8b465ee728b)  -> (artifact id: 'c537e598d5f1119fc1647d071e8fd77b') in 0.013937 seconds 
========================================================================
Received Import Request.
  Time since last request: 4.206678 seconds.
  path: Assets/Resources/Prefabs/Parts/05P.prefab
  artifactKey: Guid(cfbfa4ae397957c4a9ee026480d3a170) Importer(815301076,1909f56bfc062723c751e8b465ee728b)
Start importing Assets/Resources/Prefabs/Parts/05P.prefab using Guid(cfbfa4ae397957c4a9ee026480d3a170) Importer(815301076,1909f56bfc062723c751e8b465ee728b)  -> (artifact id: 'a4497383354a67a3ed4a00a0538303e2') in 0.014592 seconds 
========================================================================
Received Import Request.
  Time since last request: 6.457316 seconds.
  path: Assets/Resources/Prefabs/Parts/05P.prefab
  artifactKey: Guid(cfbfa4ae397957c4a9ee026480d3a170) Importer(815301076,1909f56bfc062723c751e8b465ee728b)
Start importing Assets/Resources/Prefabs/Parts/05P.prefab using Guid(cfbfa4ae397957c4a9ee026480d3a170) Importer(815301076,1909f56bfc062723c751e8b465ee728b)  -> (artifact id: '369080db92edb27c21c2e86d507d8588') in 0.011435 seconds 
========================================================================
Received Import Request.
  Time since last request: 3.215402 seconds.
  path: Assets/Resources/Prefabs/Parts/05P.prefab
  artifactKey: Guid(cfbfa4ae397957c4a9ee026480d3a170) Importer(815301076,1909f56bfc062723c751e8b465ee728b)
Start importing Assets/Resources/Prefabs/Parts/05P.prefab using Guid(cfbfa4ae397957c4a9ee026480d3a170) Importer(815301076,1909f56bfc062723c751e8b465ee728b)  -> (artifact id: '0b2aff3301e616aa46cb5704372642a2') in 0.014136 seconds 
========================================================================
Received Import Request.
  Time since last request: 4.603919 seconds.
  path: Assets/Resources/Prefabs/Parts/05P.prefab
  artifactKey: Guid(cfbfa4ae397957c4a9ee026480d3a170) Importer(815301076,1909f56bfc062723c751e8b465ee728b)
Start importing Assets/Resources/Prefabs/Parts/05P.prefab using Guid(cfbfa4ae397957c4a9ee026480d3a170) Importer(815301076,1909f56bfc062723c751e8b465ee728b)  -> (artifact id: '0ef28e2eb9d166fd11934f53295d05d5') in 0.013137 seconds 
========================================================================
Received Import Request.
  Time since last request: 2.600211 seconds.
  path: Assets/Resources/Prefabs/Parts/05P.prefab
  artifactKey: Guid(cfbfa4ae397957c4a9ee026480d3a170) Importer(815301076,1909f56bfc062723c751e8b465ee728b)
Start importing Assets/Resources/Prefabs/Parts/05P.prefab using Guid(cfbfa4ae397957c4a9ee026480d3a170) Importer(815301076,1909f56bfc062723c751e8b465ee728b)  -> (artifact id: '012ec36b698446f56f49d37e475cc796') in 0.013311 seconds 
========================================================================
Received Import Request.
  Time since last request: 6.232726 seconds.
  path: Assets/Resources/Prefabs/Parts/06P.prefab
  artifactKey: Guid(7778c3924d9ae52488a2b5d4901983f3) Importer(815301076,1909f56bfc062723c751e8b465ee728b)
Start importing Assets/Resources/Prefabs/Parts/06P.prefab using Guid(7778c3924d9ae52488a2b5d4901983f3) Importer(815301076,1909f56bfc062723c751e8b465ee728b)  -> (artifact id: '51a5df583d3f8184b62e812966e6f769') in 0.016056 seconds 
========================================================================
Received Import Request.
  Time since last request: 18.722373 seconds.
  path: Assets/Resources/Prefabs/Parts/06P.prefab
  artifactKey: Guid(7778c3924d9ae52488a2b5d4901983f3) Importer(815301076,1909f56bfc062723c751e8b465ee728b)
Start importing Assets/Resources/Prefabs/Parts/06P.prefab using Guid(7778c3924d9ae52488a2b5d4901983f3) Importer(815301076,1909f56bfc062723c751e8b465ee728b)  -> (artifact id: '4db8709b9cf9aed842f49a6a894c2b17') in 0.013435 seconds 
========================================================================
Received Import Request.
  Time since last request: 1.397620 seconds.
  path: Assets/Resources/Prefabs/Parts/06P.prefab
  artifactKey: Guid(7778c3924d9ae52488a2b5d4901983f3) Importer(815301076,1909f56bfc062723c751e8b465ee728b)
Start importing Assets/Resources/Prefabs/Parts/06P.prefab using Guid(7778c3924d9ae52488a2b5d4901983f3) Importer(815301076,1909f56bfc062723c751e8b465ee728b)  -> (artifact id: 'fc602b89030b8184fceff8447db83efa') in 0.015423 seconds 
========================================================================
Received Import Request.
  Time since last request: 2.797298 seconds.
  path: Assets/Resources/Prefabs/Parts/06P.prefab
  artifactKey: Guid(7778c3924d9ae52488a2b5d4901983f3) Importer(815301076,1909f56bfc062723c751e8b465ee728b)
Start importing Assets/Resources/Prefabs/Parts/06P.prefab using Guid(7778c3924d9ae52488a2b5d4901983f3) Importer(815301076,1909f56bfc062723c751e8b465ee728b)  -> (artifact id: '8b3640848cebd8bf2282c7f30e6cd74b') in 0.014505 seconds 
========================================================================
Received Import Request.
  Time since last request: 7.429914 seconds.
  path: Assets/Resources/Prefabs/Parts/06P.prefab
  artifactKey: Guid(7778c3924d9ae52488a2b5d4901983f3) Importer(815301076,1909f56bfc062723c751e8b465ee728b)
Start importing Assets/Resources/Prefabs/Parts/06P.prefab using Guid(7778c3924d9ae52488a2b5d4901983f3) Importer(815301076,1909f56bfc062723c751e8b465ee728b)  -> (artifact id: '27243a6e8c6ff23bc890523435dd0cb1') in 0.014929 seconds 
========================================================================
Received Import Request.
  Time since last request: 4.226814 seconds.
  path: Assets/Resources/Prefabs/Parts/06P.prefab
  artifactKey: Guid(7778c3924d9ae52488a2b5d4901983f3) Importer(815301076,1909f56bfc062723c751e8b465ee728b)
Start importing Assets/Resources/Prefabs/Parts/06P.prefab using Guid(7778c3924d9ae52488a2b5d4901983f3) Importer(815301076,1909f56bfc062723c751e8b465ee728b)  -> (artifact id: 'ecb72c49c1ec37663cd8288ff96a1413') in 0.011025 seconds 
========================================================================
Received Import Request.
  Time since last request: 1.600343 seconds.
  path: Assets/Resources/Prefabs/Parts/06P.prefab
  artifactKey: Guid(7778c3924d9ae52488a2b5d4901983f3) Importer(815301076,1909f56bfc062723c751e8b465ee728b)
Start importing Assets/Resources/Prefabs/Parts/06P.prefab using Guid(7778c3924d9ae52488a2b5d4901983f3) Importer(815301076,1909f56bfc062723c751e8b465ee728b)  -> (artifact id: 'f5796ef5da7ea9610720090f468eb009') in 0.013834 seconds 
========================================================================
Received Import Request.
  Time since last request: 4.817472 seconds.
  path: Assets/Resources/Prefabs/Parts/06P.prefab
  artifactKey: Guid(7778c3924d9ae52488a2b5d4901983f3) Importer(815301076,1909f56bfc062723c751e8b465ee728b)
Start importing Assets/Resources/Prefabs/Parts/06P.prefab using Guid(7778c3924d9ae52488a2b5d4901983f3) Importer(815301076,1909f56bfc062723c751e8b465ee728b)  -> (artifact id: 'e422daf0726506be201adbaa07c9a613') in 0.014786 seconds 
========================================================================
Received Import Request.
  Time since last request: 4.815259 seconds.
  path: Assets/Resources/Prefabs/Parts/06P.prefab
  artifactKey: Guid(7778c3924d9ae52488a2b5d4901983f3) Importer(815301076,1909f56bfc062723c751e8b465ee728b)
Start importing Assets/Resources/Prefabs/Parts/06P.prefab using Guid(7778c3924d9ae52488a2b5d4901983f3) Importer(815301076,1909f56bfc062723c751e8b465ee728b)  -> (artifact id: 'dff17e5916ed105d992a2ef4e41ac783') in 0.014095 seconds 
========================================================================
Received Import Request.
  Time since last request: 2.603572 seconds.
  path: Assets/Resources/Prefabs/Parts/06P.prefab
  artifactKey: Guid(7778c3924d9ae52488a2b5d4901983f3) Importer(815301076,1909f56bfc062723c751e8b465ee728b)
Start importing Assets/Resources/Prefabs/Parts/06P.prefab using Guid(7778c3924d9ae52488a2b5d4901983f3) Importer(815301076,1909f56bfc062723c751e8b465ee728b)  -> (artifact id: '0fb10bc087a676c084daccd5508c461a') in 0.015763 seconds 
========================================================================
Received Import Request.
  Time since last request: 2.397198 seconds.
  path: Assets/Resources/Prefabs/Parts/06P.prefab
  artifactKey: Guid(7778c3924d9ae52488a2b5d4901983f3) Importer(815301076,1909f56bfc062723c751e8b465ee728b)
Start importing Assets/Resources/Prefabs/Parts/06P.prefab using Guid(7778c3924d9ae52488a2b5d4901983f3) Importer(815301076,1909f56bfc062723c751e8b465ee728b)  -> (artifact id: '97725f148c950240ffc56ee7368c9584') in 0.014461 seconds 
========================================================================
Received Import Request.
  Time since last request: 6.022869 seconds.
  path: Assets/Resources/Prefabs/Parts/06P.prefab
  artifactKey: Guid(7778c3924d9ae52488a2b5d4901983f3) Importer(815301076,1909f56bfc062723c751e8b465ee728b)
Start importing Assets/Resources/Prefabs/Parts/06P.prefab using Guid(7778c3924d9ae52488a2b5d4901983f3) Importer(815301076,1909f56bfc062723c751e8b465ee728b)  -> (artifact id: '64127f7fc25ce07a1d138afe6c548ec9') in 0.013831 seconds 
========================================================================
Received Import Request.
  Time since last request: 19.880010 seconds.
  path: Assets/Resources/Prefabs/Parts/08P.prefab
  artifactKey: Guid(ca20572d54b89c54082c8e09d623bcbf) Importer(815301076,1909f56bfc062723c751e8b465ee728b)
Start importing Assets/Resources/Prefabs/Parts/08P.prefab using Guid(ca20572d54b89c54082c8e09d623bcbf) Importer(815301076,1909f56bfc062723c751e8b465ee728b)  -> (artifact id: '3dc712b9ee7e263206e837d7d8a937cd') in 0.014976 seconds 
========================================================================
Received Import Request.
  Time since last request: 2.399049 seconds.
  path: Assets/Resources/Prefabs/Parts/08P.prefab
  artifactKey: Guid(ca20572d54b89c54082c8e09d623bcbf) Importer(815301076,1909f56bfc062723c751e8b465ee728b)
Start importing Assets/Resources/Prefabs/Parts/08P.prefab using Guid(ca20572d54b89c54082c8e09d623bcbf) Importer(815301076,1909f56bfc062723c751e8b465ee728b)  -> (artifact id: '7920e41e47c39c7af9e90234090127da') in 0.014991 seconds 
========================================================================
Received Import Request.
  Time since last request: 3.405202 seconds.
  path: Assets/Resources/Prefabs/Parts/08P.prefab
  artifactKey: Guid(ca20572d54b89c54082c8e09d623bcbf) Importer(815301076,1909f56bfc062723c751e8b465ee728b)
Start importing Assets/Resources/Prefabs/Parts/08P.prefab using Guid(ca20572d54b89c54082c8e09d623bcbf) Importer(815301076,1909f56bfc062723c751e8b465ee728b)  -> (artifact id: '4b9f992594d74ba8a081f110c5e878f6') in 0.015021 seconds 
========================================================================
Received Import Request.
  Time since last request: 3.208634 seconds.
  path: Assets/Resources/Prefabs/Parts/08P.prefab
  artifactKey: Guid(ca20572d54b89c54082c8e09d623bcbf) Importer(815301076,1909f56bfc062723c751e8b465ee728b)
Start importing Assets/Resources/Prefabs/Parts/08P.prefab using Guid(ca20572d54b89c54082c8e09d623bcbf) Importer(815301076,1909f56bfc062723c751e8b465ee728b)  -> (artifact id: '2b47ce1df81054dd4a88fb55f543533c') in 0.013584 seconds 
========================================================================
Received Import Request.
  Time since last request: 6.012626 seconds.
  path: Assets/Resources/Prefabs/Parts/08P.prefab
  artifactKey: Guid(ca20572d54b89c54082c8e09d623bcbf) Importer(815301076,1909f56bfc062723c751e8b465ee728b)
Start importing Assets/Resources/Prefabs/Parts/08P.prefab using Guid(ca20572d54b89c54082c8e09d623bcbf) Importer(815301076,1909f56bfc062723c751e8b465ee728b)  -> (artifact id: 'a59ea7fcfb9295d1c7e84108459e1405') in 0.014687 seconds 
========================================================================
Received Import Request.
  Time since last request: 3.206365 seconds.
  path: Assets/Resources/Prefabs/Parts/08P.prefab
  artifactKey: Guid(ca20572d54b89c54082c8e09d623bcbf) Importer(815301076,1909f56bfc062723c751e8b465ee728b)
Start importing Assets/Resources/Prefabs/Parts/08P.prefab using Guid(ca20572d54b89c54082c8e09d623bcbf) Importer(815301076,1909f56bfc062723c751e8b465ee728b)  -> (artifact id: 'ce6cf7d10c2eeaa64a0a1a4235aa90bf') in 0.015069 seconds 
========================================================================
Received Import Request.
  Time since last request: 1.987381 seconds.
  path: Assets/Resources/Prefabs/Parts/08P.prefab
  artifactKey: Guid(ca20572d54b89c54082c8e09d623bcbf) Importer(815301076,1909f56bfc062723c751e8b465ee728b)
Start importing Assets/Resources/Prefabs/Parts/08P.prefab using Guid(ca20572d54b89c54082c8e09d623bcbf) Importer(815301076,1909f56bfc062723c751e8b465ee728b)  -> (artifact id: 'd718487657f036294bafbb673d49724d') in 0.014102 seconds 
========================================================================
Received Import Request.
  Time since last request: 4.008095 seconds.
  path: Assets/Resources/Prefabs/Parts/08P.prefab
  artifactKey: Guid(ca20572d54b89c54082c8e09d623bcbf) Importer(815301076,1909f56bfc062723c751e8b465ee728b)
Start importing Assets/Resources/Prefabs/Parts/08P.prefab using Guid(ca20572d54b89c54082c8e09d623bcbf) Importer(815301076,1909f56bfc062723c751e8b465ee728b)  -> (artifact id: 'ba7769b3386bc5e40040d3b865482b40') in 0.012335 seconds 
========================================================================
Received Import Request.
  Time since last request: 1.798439 seconds.
  path: Assets/Resources/Prefabs/Parts/08P.prefab
  artifactKey: Guid(ca20572d54b89c54082c8e09d623bcbf) Importer(815301076,1909f56bfc062723c751e8b465ee728b)
Start importing Assets/Resources/Prefabs/Parts/08P.prefab using Guid(ca20572d54b89c54082c8e09d623bcbf) Importer(815301076,1909f56bfc062723c751e8b465ee728b)  -> (artifact id: 'a070eeeaecf7890bcd2ddcc462cb75a7') in 0.014878 seconds 
========================================================================
Received Import Request.
  Time since last request: 2.595511 seconds.
  path: Assets/Resources/Prefabs/Parts/08P.prefab
  artifactKey: Guid(ca20572d54b89c54082c8e09d623bcbf) Importer(815301076,1909f56bfc062723c751e8b465ee728b)
Start importing Assets/Resources/Prefabs/Parts/08P.prefab using Guid(ca20572d54b89c54082c8e09d623bcbf) Importer(815301076,1909f56bfc062723c751e8b465ee728b)  -> (artifact id: 'a2e6a1f78d25d6de63a305914e96a3c6') in 0.015956 seconds 
========================================================================
Received Import Request.
  Time since last request: 6.036608 seconds.
  path: Assets/Resources/Prefabs/Parts/08P.prefab
  artifactKey: Guid(ca20572d54b89c54082c8e09d623bcbf) Importer(815301076,1909f56bfc062723c751e8b465ee728b)
Start importing Assets/Resources/Prefabs/Parts/08P.prefab using Guid(ca20572d54b89c54082c8e09d623bcbf) Importer(815301076,1909f56bfc062723c751e8b465ee728b)  -> (artifact id: '695c651a9ebb78704919ccda85447590') in 0.014850 seconds 
========================================================================
Received Import Request.
  Time since last request: 5.416784 seconds.
  path: Assets/Resources/Prefabs/Parts/08P.prefab
  artifactKey: Guid(ca20572d54b89c54082c8e09d623bcbf) Importer(815301076,1909f56bfc062723c751e8b465ee728b)
Start importing Assets/Resources/Prefabs/Parts/08P.prefab using Guid(ca20572d54b89c54082c8e09d623bcbf) Importer(815301076,1909f56bfc062723c751e8b465ee728b)  -> (artifact id: '49adf462bc8610737226e6cc69e9bebd') in 0.014591 seconds 
========================================================================
Received Import Request.
  Time since last request: 2.811120 seconds.
  path: Assets/Resources/Prefabs/Parts/08P.prefab
  artifactKey: Guid(ca20572d54b89c54082c8e09d623bcbf) Importer(815301076,1909f56bfc062723c751e8b465ee728b)
Start importing Assets/Resources/Prefabs/Parts/08P.prefab using Guid(ca20572d54b89c54082c8e09d623bcbf) Importer(815301076,1909f56bfc062723c751e8b465ee728b)  -> (artifact id: '809c7db54b4d5c233e109e9263fa5ca4') in 0.014766 seconds 
========================================================================
Received Import Request.
  Time since last request: 4.806874 seconds.
  path: Assets/Resources/Prefabs/Parts/08P.prefab
  artifactKey: Guid(ca20572d54b89c54082c8e09d623bcbf) Importer(815301076,1909f56bfc062723c751e8b465ee728b)
Start importing Assets/Resources/Prefabs/Parts/08P.prefab using Guid(ca20572d54b89c54082c8e09d623bcbf) Importer(815301076,1909f56bfc062723c751e8b465ee728b)  -> (artifact id: '96aef07f6a0f4126ec5b8a35c85b7f1d') in 0.015031 seconds 
========================================================================
Received Import Request.
  Time since last request: 1.394510 seconds.
  path: Assets/Resources/Prefabs/Parts/08P.prefab
  artifactKey: Guid(ca20572d54b89c54082c8e09d623bcbf) Importer(815301076,1909f56bfc062723c751e8b465ee728b)
Start importing Assets/Resources/Prefabs/Parts/08P.prefab using Guid(ca20572d54b89c54082c8e09d623bcbf) Importer(815301076,1909f56bfc062723c751e8b465ee728b)  -> (artifact id: '86032894e50a9c44c0c55d8d98bb5dc3') in 0.014508 seconds 
========================================================================
Received Import Request.
  Time since last request: 2.394474 seconds.
  path: Assets/Resources/Prefabs/Parts/08P.prefab
  artifactKey: Guid(ca20572d54b89c54082c8e09d623bcbf) Importer(815301076,1909f56bfc062723c751e8b465ee728b)
Start importing Assets/Resources/Prefabs/Parts/08P.prefab using Guid(ca20572d54b89c54082c8e09d623bcbf) Importer(815301076,1909f56bfc062723c751e8b465ee728b)  -> (artifact id: '0e8d0e556a32b3c3e535cc14e4477543') in 0.016214 seconds 
========================================================================
Received Import Request.
  Time since last request: 8.252285 seconds.
  path: Assets/Resources/Prefabs/Parts/08P.prefab
  artifactKey: Guid(ca20572d54b89c54082c8e09d623bcbf) Importer(815301076,1909f56bfc062723c751e8b465ee728b)
Start importing Assets/Resources/Prefabs/Parts/08P.prefab using Guid(ca20572d54b89c54082c8e09d623bcbf) Importer(815301076,1909f56bfc062723c751e8b465ee728b)  -> (artifact id: '94e29be108280cd992e444041440b5d5') in 0.013254 seconds 
========================================================================
Received Import Request.
  Time since last request: 4.451725 seconds.
  path: Assets/Resources/Prefabs/Parts/01P.prefab
  artifactKey: Guid(a6b7f13d53987c941ab606e36f25a049) Importer(815301076,1909f56bfc062723c751e8b465ee728b)
Start importing Assets/Resources/Prefabs/Parts/01P.prefab using Guid(a6b7f13d53987c941ab606e36f25a049) Importer(815301076,1909f56bfc062723c751e8b465ee728b)  -> (artifact id: 'c64bb32dcfda18a60d4e85a3aea78ba4') in 0.021573 seconds 
========================================================================
Received Import Request.
  Time since last request: 0.000027 seconds.
  path: Assets/Resources/Prefabs/Parts/06P.prefab
  artifactKey: Guid(7778c3924d9ae52488a2b5d4901983f3) Importer(815301076,1909f56bfc062723c751e8b465ee728b)
Start importing Assets/Resources/Prefabs/Parts/06P.prefab using Guid(7778c3924d9ae52488a2b5d4901983f3) Importer(815301076,1909f56bfc062723c751e8b465ee728b)  -> (artifact id: 'f1d29fd095f8f1edad6e7f49e3f16aaa') in 0.018227 seconds 
========================================================================
Received Import Request.
  Time since last request: 0.000023 seconds.
  path: Assets/Resources/Prefabs/Parts/08P.prefab
  artifactKey: Guid(ca20572d54b89c54082c8e09d623bcbf) Importer(815301076,1909f56bfc062723c751e8b465ee728b)
Start importing Assets/Resources/Prefabs/Parts/08P.prefab using Guid(ca20572d54b89c54082c8e09d623bcbf) Importer(815301076,1909f56bfc062723c751e8b465ee728b)  -> (artifact id: 'f1a853087d2de291c6acf18a12d1171f') in 0.016859 seconds 
========================================================================
Received Import Request.
  Time since last request: 0.000053 seconds.
  path: Assets/Resources/Prefabs/Parts/04P.prefab
  artifactKey: Guid(d818ecbd8c1ce7e40a13528078ed3274) Importer(815301076,1909f56bfc062723c751e8b465ee728b)
Start importing Assets/Resources/Prefabs/Parts/04P.prefab using Guid(d818ecbd8c1ce7e40a13528078ed3274) Importer(815301076,1909f56bfc062723c751e8b465ee728b)  -> (artifact id: 'ca30cb446b6134a1b2428ca85323bac8') in 0.017798 seconds 
========================================================================
Received Import Request.
  Time since last request: 0.000032 seconds.
  path: Assets/Resources/Prefabs/Parts/03P.prefab
  artifactKey: Guid(adc55318ba5988b4197125422405fba4) Importer(815301076,1909f56bfc062723c751e8b465ee728b)
Start importing Assets/Resources/Prefabs/Parts/03P.prefab using Guid(adc55318ba5988b4197125422405fba4) Importer(815301076,1909f56bfc062723c751e8b465ee728b)  -> (artifact id: 'c441ea5c180d8fce6a1087566763815a') in 0.016597 seconds 
========================================================================
Received Import Request.
  Time since last request: 0.000029 seconds.
  path: Assets/Resources/Prefabs/Parts/05P.prefab
  artifactKey: Guid(cfbfa4ae397957c4a9ee026480d3a170) Importer(815301076,1909f56bfc062723c751e8b465ee728b)
Start importing Assets/Resources/Prefabs/Parts/05P.prefab using Guid(cfbfa4ae397957c4a9ee026480d3a170) Importer(815301076,1909f56bfc062723c751e8b465ee728b)  -> (artifact id: '988386eb4f05877440f7a68a43bc3d8a') in 0.016386 seconds 
Editor requested this worker to shutdown with reason: Scaling down because of idle timeout
AssetImportWorker is now disconnected from the server
Process exiting
Exiting without the bug reporter. Application will terminate with return code 0